2026-02-21 16:23:34,301 - BoT-Training - INFO - ================================================================================
2026-02-21 16:23:34,302 - BoT-Training - INFO - 🚀 Starting BoT-Baseline Training Session
2026-02-21 16:23:34,302 - BoT-Training - INFO - ================================================================================
2026-02-21 16:23:34,302 - BoT-Training - INFO - 📋 Configuration Summary:
2026-02-21 16:23:34,302 - BoT-Training - INFO -    • Config File: configs/baseline_configs/bot_baseline.yaml
2026-02-21 16:23:34,302 - BoT-Training - INFO -    • Data Root: data/dataset/VehicleID_V1.0
2026-02-21 16:23:34,302 - BoT-Training - INFO -    • Output Directory: outputs/bot_baseline_1_1/VehicleID/baseline_run_01
2026-02-21 16:23:34,302 - BoT-Training - INFO -    • Log File: outputs/bot_baseline_1_1/VehicleID/baseline_run_01/training.log
2026-02-21 16:23:34,302 - BoT-Training - INFO -    • Session Time: 2026-02-21 16:23:34
2026-02-21 16:23:34,302 - BoT-Training - INFO - 
2026-02-21 16:23:34,303 - BoT-Training - INFO - 🎯 Training Parameters:
2026-02-21 16:23:34,303 - BoT-Training - INFO -    • Total Epochs: 120
2026-02-21 16:23:34,303 - BoT-Training - INFO -    • Batch Size: 64
2026-02-21 16:23:34,303 - BoT-Training - INFO -    • Learning Rate: 0.00035
2026-02-21 16:23:34,303 - BoT-Training - INFO -    • Weight Decay: 0.0005
2026-02-21 16:23:34,303 - BoT-Training - INFO -    • Optimizer: AdamW
2026-02-21 16:23:34,303 - BoT-Training - INFO -    • Scheduler: WarmupCosineAnnealingLR
2026-02-21 16:23:34,303 - BoT-Training - INFO -    • Warmup Epochs: 10
2026-02-21 16:23:34,303 - BoT-Training - INFO -    • Eval Period: 10 epochs
2026-02-21 16:23:34,303 - BoT-Training - INFO -    • Use AMP: True
2026-02-21 16:23:34,303 - BoT-Training - INFO - 
2026-02-21 16:23:34,303 - BoT-Training - INFO - 📊 Data Configuration:
2026-02-21 16:23:34,303 - BoT-Training - INFO -    • PK Sampler: True
2026-02-21 16:23:34,303 - BoT-Training - INFO -    • P (identities/batch): 16
2026-02-21 16:23:34,303 - BoT-Training - INFO -    • K (images/identity): 4
2026-02-21 16:23:34,303 - BoT-Training - INFO -    • Effective Batch: 16 × 4 = 64
2026-02-21 16:23:34,303 - BoT-Training - INFO -    • Num Workers: 24
2026-02-21 16:23:34,303 - BoT-Training - INFO - 
2026-02-21 16:23:34,303 - BoT-Training - INFO - 🎲 Loss Configuration:
2026-02-21 16:23:34,304 - BoT-Training - INFO -    • Label Smoothing: 0.1
2026-02-21 16:23:34,304 - BoT-Training - INFO -    • Triplet Margin: 0.3
2026-02-21 16:23:34,304 - BoT-Training - INFO -    • ID Loss Weight: 1.0
2026-02-21 16:23:34,304 - BoT-Training - INFO -    • Triplet Loss Weight: 1.0
2026-02-21 16:23:34,531 - BoT-Training - INFO - ================================================================================
2026-02-21 16:23:34,531 - BoT-Training - INFO - Using device: cuda (CUDA (NVIDIA H100 PCIe))
2026-02-21 16:23:34,532 - BoT-Training - INFO - Device acceleration: CUDA + AMP
2026-02-21 16:23:34,532 - BoT-Training - INFO - ================================================================================
2026-02-21 16:23:34,902 - BoT-Training - INFO - Dataset loaded: 13164 identities
2026-02-21 16:23:34,902 - BoT-Training - INFO - Train batches: 822 (total ~52608 images)
2026-02-21 16:23:34,902 - BoT-Training - INFO - Query batches: 89
2026-02-21 16:23:34,902 - BoT-Training - INFO - Gallery batches: 13
2026-02-21 16:23:34,902 - BoT-Training - INFO - ================================================================================
2026-02-21 16:23:34,902 - BoT-Training - INFO - Building model: BoTBaseline
2026-02-21 16:23:34,902 - BoT-Training - INFO -    • Backbone: resnet50_ibn_a
2026-02-21 16:23:34,902 - BoT-Training - INFO -    • Pretrained: True
2026-02-21 16:23:34,902 - BoT-Training - INFO -    • Feature Dim: 2048
2026-02-21 16:23:34,902 - BoT-Training - INFO -    • Num Classes: 13164
2026-02-21 16:23:35,674 - BoT-Training - INFO - ================================================================================
2026-02-21 16:23:35,674 - BoT-Training - INFO - 🚂 Starting Training Loop...
2026-02-21 16:23:35,674 - BoT-Training - INFO - ================================================================================
2026-02-21 16:25:06,406 - BoT-Training - INFO - Epoch 1 Training - Loss: 11.0972, ID_Acc: 0.42%
2026-02-21 16:26:35,503 - BoT-Training - INFO - Epoch 2 Training - Loss: 9.6660, ID_Acc: 2.55%
2026-02-21 16:28:06,837 - BoT-Training - INFO - Epoch 3 Training - Loss: 8.4873, ID_Acc: 4.37%
2026-02-21 16:29:36,447 - BoT-Training - INFO - Epoch 4 Training - Loss: 7.2369, ID_Acc: 10.05%
2026-02-21 16:31:06,762 - BoT-Training - INFO - Epoch 5 Training - Loss: 6.0955, ID_Acc: 18.68%
2026-02-21 16:32:48,290 - BoT-Training - INFO - Epoch 6 Training - Loss: 5.1947, ID_Acc: 29.53%
2026-02-21 16:34:36,456 - BoT-Training - INFO - Epoch 7 Training - Loss: 4.5364, ID_Acc: 38.45%
2026-02-21 16:36:10,874 - BoT-Training - INFO - Epoch 8 Training - Loss: 4.0008, ID_Acc: 47.30%
2026-02-21 16:37:40,769 - BoT-Training - INFO - Epoch 9 Training - Loss: 3.6400, ID_Acc: 53.93%
2026-02-21 16:39:10,845 - BoT-Training - INFO - Epoch 10 Training - Loss: 3.3669, ID_Acc: 59.36%
2026-02-21 16:39:10,846 - BoT-Training - INFO - Evaluating at epoch 10...
2026-02-21 16:39:28,944 - BoT-Training - INFO - Epoch 10 Evaluation - mAP: 0.6925, Rank-1: 0.6390, Rank-5: 0.7442, Rank-10: 0.8064
2026-02-21 16:39:32,355 - BoT-Training - INFO - New best model saved! mAP: 0.6925
2026-02-21 16:41:15,629 - BoT-Training - INFO - Epoch 11 Training - Loss: 3.1637, ID_Acc: 63.82%
2026-02-21 16:42:56,145 - BoT-Training - INFO - Epoch 12 Training - Loss: 2.8901, ID_Acc: 70.04%
2026-02-21 16:44:27,660 - BoT-Training - INFO - Epoch 13 Training - Loss: 2.6511, ID_Acc: 75.60%
2026-02-21 16:45:59,767 - BoT-Training - INFO - Epoch 14 Training - Loss: 2.4724, ID_Acc: 79.79%
2026-02-21 16:47:31,107 - BoT-Training - INFO - Epoch 15 Training - Loss: 2.3950, ID_Acc: 81.73%
2026-02-21 16:49:03,580 - BoT-Training - INFO - Epoch 16 Training - Loss: 2.3068, ID_Acc: 83.83%
2026-02-21 16:50:35,128 - BoT-Training - INFO - Epoch 17 Training - Loss: 2.2380, ID_Acc: 85.43%
2026-02-21 16:52:06,410 - BoT-Training - INFO - Epoch 18 Training - Loss: 2.1828, ID_Acc: 87.09%
2026-02-21 16:53:37,795 - BoT-Training - INFO - Epoch 19 Training - Loss: 2.1332, ID_Acc: 88.11%
2026-02-21 16:55:08,411 - BoT-Training - INFO - Epoch 20 Training - Loss: 2.1081, ID_Acc: 88.81%
2026-02-21 16:55:08,411 - BoT-Training - INFO - Evaluating at epoch 20...
2026-02-21 16:55:23,316 - BoT-Training - INFO - Epoch 20 Evaluation - mAP: 0.6807, Rank-1: 0.6454, Rank-5: 0.7093, Rank-10: 0.7472
2026-02-21 16:56:56,201 - BoT-Training - INFO - Epoch 21 Training - Loss: 2.0710, ID_Acc: 89.83%
2026-02-21 16:58:27,852 - BoT-Training - INFO - Epoch 22 Training - Loss: 2.0325, ID_Acc: 90.60%
2026-02-21 16:59:58,924 - BoT-Training - INFO - Epoch 23 Training - Loss: 2.0194, ID_Acc: 91.13%
2026-02-21 17:01:30,732 - BoT-Training - INFO - Epoch 24 Training - Loss: 1.9848, ID_Acc: 91.92%
2026-02-21 17:03:01,611 - BoT-Training - INFO - Epoch 25 Training - Loss: 1.9651, ID_Acc: 92.39%
2026-02-21 17:04:33,546 - BoT-Training - INFO - Epoch 26 Training - Loss: 1.9637, ID_Acc: 92.57%
2026-02-21 17:06:06,461 - BoT-Training - INFO - Epoch 27 Training - Loss: 1.9249, ID_Acc: 93.27%
2026-02-21 17:07:39,065 - BoT-Training - INFO - Epoch 28 Training - Loss: 1.9218, ID_Acc: 93.52%
2026-02-21 17:09:11,124 - BoT-Training - INFO - Epoch 29 Training - Loss: 1.8902, ID_Acc: 93.97%
2026-02-21 17:10:43,752 - BoT-Training - INFO - Epoch 30 Training - Loss: 1.8729, ID_Acc: 94.50%
2026-02-21 17:10:43,754 - BoT-Training - INFO - Evaluating at epoch 30...
2026-02-21 17:10:58,984 - BoT-Training - INFO - Epoch 30 Evaluation - mAP: 0.6979, Rank-1: 0.6606, Rank-5: 0.7318, Rank-10: 0.7718
2026-02-21 17:11:00,183 - BoT-Training - INFO - New best model saved! mAP: 0.6979
2026-02-21 17:12:32,401 - BoT-Training - INFO - Epoch 31 Training - Loss: 1.8603, ID_Acc: 94.81%
2026-02-21 17:14:04,368 - BoT-Training - INFO - Epoch 32 Training - Loss: 1.8595, ID_Acc: 94.69%
2026-02-21 17:15:39,507 - BoT-Training - INFO - Epoch 33 Training - Loss: 1.8442, ID_Acc: 95.18%
2026-02-21 17:17:11,477 - BoT-Training - INFO - Epoch 34 Training - Loss: 1.8343, ID_Acc: 95.38%
2026-02-21 17:18:42,754 - BoT-Training - INFO - Epoch 35 Training - Loss: 1.8138, ID_Acc: 95.65%
2026-02-21 17:20:14,539 - BoT-Training - INFO - Epoch 36 Training - Loss: 1.7950, ID_Acc: 96.02%
2026-02-21 17:21:45,276 - BoT-Training - INFO - Epoch 37 Training - Loss: 1.7991, ID_Acc: 96.14%
2026-02-21 17:23:17,034 - BoT-Training - INFO - Epoch 38 Training - Loss: 1.7831, ID_Acc: 96.39%
2026-02-21 17:24:48,010 - BoT-Training - INFO - Epoch 39 Training - Loss: 1.7765, ID_Acc: 96.41%
2026-02-21 17:26:19,480 - BoT-Training - INFO - Epoch 40 Training - Loss: 1.7661, ID_Acc: 96.61%
2026-02-21 17:26:19,480 - BoT-Training - INFO - Evaluating at epoch 40...
2026-02-21 17:26:34,703 - BoT-Training - INFO - Epoch 40 Evaluation - mAP: 0.7037, Rank-1: 0.6689, Rank-5: 0.7341, Rank-10: 0.7787
2026-02-21 17:26:35,700 - BoT-Training - INFO - New best model saved! mAP: 0.7037
2026-02-21 17:28:05,996 - BoT-Training - INFO - Epoch 41 Training - Loss: 1.7483, ID_Acc: 96.97%
2026-02-21 17:29:37,022 - BoT-Training - INFO - Epoch 42 Training - Loss: 1.7445, ID_Acc: 97.10%
2026-02-21 17:31:07,351 - BoT-Training - INFO - Epoch 43 Training - Loss: 1.7345, ID_Acc: 97.11%
2026-02-21 17:32:37,378 - BoT-Training - INFO - Epoch 44 Training - Loss: 1.7239, ID_Acc: 97.36%
2026-02-21 17:34:06,211 - BoT-Training - INFO - Epoch 45 Training - Loss: 1.7183, ID_Acc: 97.56%
2026-02-21 17:35:37,394 - BoT-Training - INFO - Epoch 46 Training - Loss: 1.7076, ID_Acc: 97.64%
2026-02-21 17:37:07,588 - BoT-Training - INFO - Epoch 47 Training - Loss: 1.6973, ID_Acc: 97.75%
2026-02-21 17:38:39,387 - BoT-Training - INFO - Epoch 48 Training - Loss: 1.6911, ID_Acc: 97.83%
2026-02-21 17:40:11,497 - BoT-Training - INFO - Epoch 49 Training - Loss: 1.6821, ID_Acc: 98.04%
2026-02-21 17:41:42,973 - BoT-Training - INFO - Epoch 50 Training - Loss: 1.6737, ID_Acc: 97.98%
2026-02-21 17:41:42,973 - BoT-Training - INFO - Evaluating at epoch 50...
2026-02-21 17:41:58,294 - BoT-Training - INFO - Epoch 50 Evaluation - mAP: 0.7121, Rank-1: 0.6738, Rank-5: 0.7486, Rank-10: 0.7948
2026-02-21 17:41:59,277 - BoT-Training - INFO - New best model saved! mAP: 0.7121
2026-02-21 17:43:30,326 - BoT-Training - INFO - Epoch 51 Training - Loss: 1.6642, ID_Acc: 98.29%
2026-02-21 17:45:01,542 - BoT-Training - INFO - Epoch 52 Training - Loss: 1.6593, ID_Acc: 98.29%
2026-02-21 17:46:33,891 - BoT-Training - INFO - Epoch 53 Training - Loss: 1.6473, ID_Acc: 98.42%
2026-02-21 17:48:08,913 - BoT-Training - INFO - Epoch 54 Training - Loss: 1.6382, ID_Acc: 98.52%
2026-02-21 17:49:41,886 - BoT-Training - INFO - Epoch 55 Training - Loss: 1.6379, ID_Acc: 98.45%
2026-02-21 17:51:13,544 - BoT-Training - INFO - Epoch 56 Training - Loss: 1.6267, ID_Acc: 98.61%
2026-02-21 17:52:53,560 - BoT-Training - INFO - Epoch 57 Training - Loss: 1.6189, ID_Acc: 98.67%
2026-02-21 17:54:24,415 - BoT-Training - INFO - Epoch 58 Training - Loss: 1.6128, ID_Acc: 98.80%
2026-02-21 17:56:13,069 - BoT-Training - INFO - Epoch 59 Training - Loss: 1.6058, ID_Acc: 98.80%
2026-02-21 17:57:49,192 - BoT-Training - INFO - Epoch 60 Training - Loss: 1.5998, ID_Acc: 98.88%
2026-02-21 17:57:49,194 - BoT-Training - INFO - Evaluating at epoch 60...
2026-02-21 17:58:04,996 - BoT-Training - INFO - Epoch 60 Evaluation - mAP: 0.7193, Rank-1: 0.6794, Rank-5: 0.7581, Rank-10: 0.8087
2026-02-21 17:58:06,274 - BoT-Training - INFO - New best model saved! mAP: 0.7193
2026-02-21 17:59:49,947 - BoT-Training - INFO - Epoch 61 Training - Loss: 1.5849, ID_Acc: 99.01%
2026-02-21 18:01:27,598 - BoT-Training - INFO - Epoch 62 Training - Loss: 1.5804, ID_Acc: 99.05%
2026-02-21 18:03:14,387 - BoT-Training - INFO - Epoch 63 Training - Loss: 1.5717, ID_Acc: 99.13%
2026-02-21 18:04:52,878 - BoT-Training - INFO - Epoch 64 Training - Loss: 1.5709, ID_Acc: 99.11%
2026-02-21 18:06:36,829 - BoT-Training - INFO - Epoch 65 Training - Loss: 1.5564, ID_Acc: 99.18%
2026-02-21 18:08:13,635 - BoT-Training - INFO - Epoch 66 Training - Loss: 1.5491, ID_Acc: 99.25%
2026-02-21 18:09:51,486 - BoT-Training - INFO - Epoch 67 Training - Loss: 1.5419, ID_Acc: 99.31%
2026-02-21 18:11:29,607 - BoT-Training - INFO - Epoch 68 Training - Loss: 1.5363, ID_Acc: 99.33%
2026-02-21 18:13:18,737 - BoT-Training - INFO - Epoch 69 Training - Loss: 1.5273, ID_Acc: 99.39%
2026-02-21 18:14:54,699 - BoT-Training - INFO - Epoch 70 Training - Loss: 1.5219, ID_Acc: 99.39%
2026-02-21 18:14:54,700 - BoT-Training - INFO - Evaluating at epoch 70...
2026-02-21 18:15:10,659 - BoT-Training - INFO - Epoch 70 Evaluation - mAP: 0.7351, Rank-1: 0.6868, Rank-5: 0.7878, Rank-10: 0.8435
2026-02-21 18:15:12,141 - BoT-Training - INFO - New best model saved! mAP: 0.7351
2026-02-21 18:16:49,231 - BoT-Training - INFO - Epoch 71 Training - Loss: 1.5168, ID_Acc: 99.45%
2026-02-21 18:18:30,513 - BoT-Training - INFO - Epoch 72 Training - Loss: 1.5079, ID_Acc: 99.48%
2026-02-21 18:20:07,037 - BoT-Training - INFO - Epoch 73 Training - Loss: 1.5026, ID_Acc: 99.48%
2026-02-21 18:21:44,803 - BoT-Training - INFO - Epoch 74 Training - Loss: 1.4962, ID_Acc: 99.56%
2026-02-21 18:23:20,386 - BoT-Training - INFO - Epoch 75 Training - Loss: 1.4892, ID_Acc: 99.56%
2026-02-21 18:25:23,632 - BoT-Training - INFO - Epoch 76 Training - Loss: 1.4822, ID_Acc: 99.61%
2026-02-21 18:26:59,442 - BoT-Training - INFO - Epoch 77 Training - Loss: 1.4771, ID_Acc: 99.61%
2026-02-21 18:28:36,223 - BoT-Training - INFO - Epoch 78 Training - Loss: 1.4708, ID_Acc: 99.64%
2026-02-21 18:30:12,991 - BoT-Training - INFO - Epoch 79 Training - Loss: 1.4630, ID_Acc: 99.67%
2026-02-21 18:31:49,380 - BoT-Training - INFO - Epoch 80 Training - Loss: 1.4609, ID_Acc: 99.67%
2026-02-21 18:31:49,380 - BoT-Training - INFO - Evaluating at epoch 80...
2026-02-21 18:32:06,071 - BoT-Training - INFO - Epoch 80 Evaluation - mAP: 0.7454, Rank-1: 0.6975, Rank-5: 0.7983, Rank-10: 0.8593
2026-02-21 18:32:07,269 - BoT-Training - INFO - New best model saved! mAP: 0.7454
2026-02-21 18:33:43,961 - BoT-Training - INFO - Epoch 81 Training - Loss: 1.4517, ID_Acc: 99.72%
2026-02-21 18:35:20,240 - BoT-Training - INFO - Epoch 82 Training - Loss: 1.4477, ID_Acc: 99.72%
2026-02-21 18:36:55,995 - BoT-Training - INFO - Epoch 83 Training - Loss: 1.4424, ID_Acc: 99.75%
2026-02-21 18:38:32,398 - BoT-Training - INFO - Epoch 84 Training - Loss: 1.4389, ID_Acc: 99.74%
2026-02-21 18:40:08,870 - BoT-Training - INFO - Epoch 85 Training - Loss: 1.4324, ID_Acc: 99.76%
2026-02-21 18:41:45,058 - BoT-Training - INFO - Epoch 86 Training - Loss: 1.4247, ID_Acc: 99.77%
2026-02-21 18:43:22,517 - BoT-Training - INFO - Epoch 87 Training - Loss: 1.4211, ID_Acc: 99.80%
2026-02-21 18:44:59,408 - BoT-Training - INFO - Epoch 88 Training - Loss: 1.4158, ID_Acc: 99.82%
2026-02-21 18:46:37,275 - BoT-Training - INFO - Epoch 89 Training - Loss: 1.4134, ID_Acc: 99.81%
2026-02-21 18:48:14,869 - BoT-Training - INFO - Epoch 90 Training - Loss: 1.4062, ID_Acc: 99.85%
2026-02-21 18:48:14,869 - BoT-Training - INFO - Evaluating at epoch 90...
2026-02-21 18:48:30,085 - BoT-Training - INFO - Epoch 90 Evaluation - mAP: 0.7499, Rank-1: 0.6993, Rank-5: 0.8061, Rank-10: 0.8656
2026-02-21 18:48:31,245 - BoT-Training - INFO - New best model saved! mAP: 0.7499
2026-02-21 18:50:07,027 - BoT-Training - INFO - Epoch 91 Training - Loss: 1.4038, ID_Acc: 99.84%
2026-02-21 18:51:43,520 - BoT-Training - INFO - Epoch 92 Training - Loss: 1.4023, ID_Acc: 99.81%
2026-02-21 18:53:19,240 - BoT-Training - INFO - Epoch 93 Training - Loss: 1.3964, ID_Acc: 99.87%
2026-02-21 18:54:54,773 - BoT-Training - INFO - Epoch 94 Training - Loss: 1.3946, ID_Acc: 99.86%
2026-02-21 18:56:30,984 - BoT-Training - INFO - Epoch 95 Training - Loss: 1.3893, ID_Acc: 99.89%
2026-02-21 18:58:07,763 - BoT-Training - INFO - Epoch 96 Training - Loss: 1.3868, ID_Acc: 99.86%
2026-02-21 18:59:44,465 - BoT-Training - INFO - Epoch 97 Training - Loss: 1.3836, ID_Acc: 99.89%
2026-02-21 19:01:21,911 - BoT-Training - INFO - Epoch 98 Training - Loss: 1.3811, ID_Acc: 99.91%
2026-02-21 19:02:58,713 - BoT-Training - INFO - Epoch 99 Training - Loss: 1.3789, ID_Acc: 99.89%
2026-02-21 19:04:34,825 - BoT-Training - INFO - Epoch 100 Training - Loss: 1.3764, ID_Acc: 99.90%
2026-02-21 19:04:34,825 - BoT-Training - INFO - Evaluating at epoch 100...
2026-02-21 19:04:50,739 - BoT-Training - INFO - Epoch 100 Evaluation - mAP: 0.7565, Rank-1: 0.7031, Rank-5: 0.8185, Rank-10: 0.8781
2026-02-21 19:04:51,937 - BoT-Training - INFO - New best model saved! mAP: 0.7565
2026-02-21 19:06:29,859 - BoT-Training - INFO - Epoch 101 Training - Loss: 1.3717, ID_Acc: 99.90%
2026-02-21 19:08:07,088 - BoT-Training - INFO - Epoch 102 Training - Loss: 1.3716, ID_Acc: 99.91%
2026-02-21 19:09:54,653 - BoT-Training - INFO - Epoch 103 Training - Loss: 1.3703, ID_Acc: 99.91%
2026-02-21 19:11:37,415 - BoT-Training - INFO - Epoch 104 Training - Loss: 1.3689, ID_Acc: 99.93%
2026-02-21 19:13:20,757 - BoT-Training - INFO - Epoch 105 Training - Loss: 1.3664, ID_Acc: 99.92%
2026-02-21 19:14:58,330 - BoT-Training - INFO - Epoch 106 Training - Loss: 1.3650, ID_Acc: 99.93%
2026-02-21 19:16:37,701 - BoT-Training - INFO - Epoch 107 Training - Loss: 1.3629, ID_Acc: 99.94%
2026-02-21 19:18:15,437 - BoT-Training - INFO - Epoch 108 Training - Loss: 1.3619, ID_Acc: 99.94%
2026-02-21 19:19:53,839 - BoT-Training - INFO - Epoch 109 Training - Loss: 1.3627, ID_Acc: 99.94%
2026-02-21 19:21:31,060 - BoT-Training - INFO - Epoch 110 Training - Loss: 1.3606, ID_Acc: 99.94%
2026-02-21 19:21:31,060 - BoT-Training - INFO - Evaluating at epoch 110...
2026-02-21 19:21:47,146 - BoT-Training - INFO - Epoch 110 Evaluation - mAP: 0.7628, Rank-1: 0.7084, Rank-5: 0.8275, Rank-10: 0.8929
2026-02-21 19:21:48,281 - BoT-Training - INFO - New best model saved! mAP: 0.7628
2026-02-21 19:23:25,128 - BoT-Training - INFO - Epoch 111 Training - Loss: 1.3606, ID_Acc: 99.93%
2026-02-21 19:25:01,924 - BoT-Training - INFO - Epoch 112 Training - Loss: 1.3601, ID_Acc: 99.94%
2026-02-21 19:26:39,468 - BoT-Training - INFO - Epoch 113 Training - Loss: 1.3575, ID_Acc: 99.94%
2026-02-21 19:28:16,834 - BoT-Training - INFO - Epoch 114 Training - Loss: 1.3585, ID_Acc: 99.94%
2026-02-21 19:29:53,396 - BoT-Training - INFO - Epoch 115 Training - Loss: 1.3573, ID_Acc: 99.93%
2026-02-21 19:31:29,366 - BoT-Training - INFO - Epoch 116 Training - Loss: 1.3573, ID_Acc: 99.94%
2026-02-21 19:33:06,533 - BoT-Training - INFO - Epoch 117 Training - Loss: 1.3552, ID_Acc: 99.94%
2026-02-21 19:34:43,464 - BoT-Training - INFO - Epoch 118 Training - Loss: 1.3555, ID_Acc: 99.95%
2026-02-21 19:36:20,971 - BoT-Training - INFO - Epoch 119 Training - Loss: 1.3543, ID_Acc: 99.94%
2026-02-21 19:37:58,081 - BoT-Training - INFO - Epoch 120 Training - Loss: 1.3546, ID_Acc: 99.96%
2026-02-21 19:37:58,081 - BoT-Training - INFO - Evaluating at epoch 120...
2026-02-21 19:38:14,215 - BoT-Training - INFO - Epoch 120 Evaluation - mAP: 0.7622, Rank-1: 0.7068, Rank-5: 0.8282, Rank-10: 0.8921
2026-02-21 19:38:15,131 - BoT-Training - INFO - Training completed! Running final evaluation...
2026-02-21 19:38:31,791 - BoT-Training - INFO - ================================================================================
2026-02-21 19:38:31,792 - BoT-Training - INFO - 🎯 FINAL EVALUATION RESULTS
2026-02-21 19:38:31,792 - BoT-Training - INFO - ================================================================================
2026-02-21 19:38:31,792 - BoT-Training - INFO - 📊 Performance Metrics:
2026-02-21 19:38:31,792 - BoT-Training - INFO -    • mAP (Mean Average Precision): 0.7628
2026-02-21 19:38:31,792 - BoT-Training - INFO -    • CMC Curve Results:
2026-02-21 19:38:31,835 - BoT-Training - INFO -      - Rank-1 : 0.7084 (70.84%)
2026-02-21 19:38:31,835 - BoT-Training - INFO -      - Rank-5 : 0.8275 (82.75%)
2026-02-21 19:38:31,835 - BoT-Training - INFO -      - Rank-10: 0.8929 (89.29%)
2026-02-21 19:38:31,835 - BoT-Training - INFO -    • Best Training mAP: 0.7628
2026-02-21 19:38:31,835 - BoT-Training - INFO - ================================================================================
2026-02-21 19:38:31,835 - BoT-Training - INFO - ✅ Training completed successfully after 120 epochs!
2026-02-21 19:38:31,835 - BoT-Training - INFO - 📁 Results saved in: outputs/bot_baseline_1_1/VehicleID/baseline_run_01
2026-02-21 19:38:31,835 - BoT-Training - INFO - 📝 Log file: outputs/bot_baseline_1_1/VehicleID/baseline_run_01/training.log
2026-02-21 19:38:31,836 - BoT-Training - INFO - 🕐 Session completed: 2026-02-21 19:38:31
2026-02-21 19:38:31,836 - BoT-Training - INFO - ================================================================================
