2026-01-30 12:23:28,052 - BoT-Training - INFO - ================================================================================
2026-01-30 12:23:28,052 - BoT-Training - INFO - 🚀 Starting BoT-Baseline Training Session
2026-01-30 12:23:28,052 - BoT-Training - INFO - ================================================================================
2026-01-30 12:23:28,052 - BoT-Training - INFO - 📋 Training Configuration:
2026-01-30 12:23:28,052 - BoT-Training - INFO -    • Config File: configs/baseline_configs/bot_baseline.yaml
2026-01-30 12:23:28,052 - BoT-Training - INFO -    • Total Epochs: 120
2026-01-30 12:23:28,052 - BoT-Training - INFO -    • Output Directory: ./outputs/grid_scale/24x12/776/baseline_run_01
2026-01-30 12:23:28,052 - BoT-Training - INFO -    • Log File: ./outputs/grid_scale/24x12/776/baseline_run_01/training.log
2026-01-30 12:23:28,052 - BoT-Training - INFO -    • Session Time: 2026-01-30 12:23:28
2026-01-30 12:23:28,125 - BoT-Training - INFO - Using device: cuda (CUDA (NVIDIA GeForce RTX 5090))
2026-01-30 12:23:28,125 - BoT-Training - INFO - Device acceleration: CUDA + AMP
2026-01-30 12:23:28,272 - BoT-Training - INFO - Dataset loaded: 576 identities
2026-01-30 12:23:28,272 - BoT-Training - INFO - Train batches: 36
2026-01-30 12:23:28,272 - BoT-Training - INFO - Query batches: 27
2026-01-30 12:23:28,273 - BoT-Training - INFO - Gallery batches: 181
2026-01-30 12:23:28,964 - BoT-Training - INFO - Starting training...
2026-01-30 12:23:36,370 - BoT-Training - INFO - Epoch 1 Training - Loss: 9.6855, ID_Acc: 0.13%
2026-01-30 12:23:42,195 - BoT-Training - INFO - Epoch 2 Training - Loss: 8.7423, ID_Acc: 2.99%
2026-01-30 12:23:48,179 - BoT-Training - INFO - Epoch 3 Training - Loss: 8.0495, ID_Acc: 8.20%
2026-01-30 12:23:54,175 - BoT-Training - INFO - Epoch 4 Training - Loss: 7.4356, ID_Acc: 9.29%
2026-01-30 12:24:00,108 - BoT-Training - INFO - Epoch 5 Training - Loss: 6.6970, ID_Acc: 8.16%
2026-01-30 12:24:06,133 - BoT-Training - INFO - Epoch 6 Training - Loss: 5.9426, ID_Acc: 9.11%
2026-01-30 12:24:11,989 - BoT-Training - INFO - Epoch 7 Training - Loss: 5.5016, ID_Acc: 12.76%
2026-01-30 12:24:17,839 - BoT-Training - INFO - Epoch 8 Training - Loss: 4.9506, ID_Acc: 18.84%
2026-01-30 12:24:23,790 - BoT-Training - INFO - Epoch 9 Training - Loss: 4.6579, ID_Acc: 24.65%
2026-01-30 12:24:29,752 - BoT-Training - INFO - Epoch 10 Training - Loss: 4.2187, ID_Acc: 30.86%
2026-01-30 12:24:29,752 - BoT-Training - INFO - Evaluating at epoch 10...
2026-01-30 12:25:06,037 - BoT-Training - INFO - Epoch 10 Evaluation - mAP: 0.3440, Rank-1: 0.6436, Rank-5: 0.7777, Rank-10: 0.8409
2026-01-30 12:25:06,358 - BoT-Training - INFO - New best model saved! mAP: 0.3440
2026-01-30 12:25:12,344 - BoT-Training - INFO - Epoch 11 Training - Loss: 3.9025, ID_Acc: 38.50%
2026-01-30 12:25:18,315 - BoT-Training - INFO - Epoch 12 Training - Loss: 3.4573, ID_Acc: 46.14%
2026-01-30 12:25:24,458 - BoT-Training - INFO - Epoch 13 Training - Loss: 3.2963, ID_Acc: 49.13%
2026-01-30 12:25:30,630 - BoT-Training - INFO - Epoch 14 Training - Loss: 3.1429, ID_Acc: 54.30%
2026-01-30 12:25:36,801 - BoT-Training - INFO - Epoch 15 Training - Loss: 2.7882, ID_Acc: 62.28%
2026-01-30 12:25:43,015 - BoT-Training - INFO - Epoch 16 Training - Loss: 2.7158, ID_Acc: 62.02%
2026-01-30 12:25:49,111 - BoT-Training - INFO - Epoch 17 Training - Loss: 2.4429, ID_Acc: 69.92%
2026-01-30 12:25:55,307 - BoT-Training - INFO - Epoch 18 Training - Loss: 2.3579, ID_Acc: 72.14%
2026-01-30 12:26:01,592 - BoT-Training - INFO - Epoch 19 Training - Loss: 2.2385, ID_Acc: 74.83%
2026-01-30 12:26:07,691 - BoT-Training - INFO - Epoch 20 Training - Loss: 2.2767, ID_Acc: 73.26%
2026-01-30 12:26:07,691 - BoT-Training - INFO - Evaluating at epoch 20...
2026-01-30 12:26:42,137 - BoT-Training - INFO - Epoch 20 Evaluation - mAP: 0.4817, Rank-1: 0.7849, Rank-5: 0.8790, Rank-10: 0.9225
2026-01-30 12:26:42,775 - BoT-Training - INFO - New best model saved! mAP: 0.4817
2026-01-30 12:26:49,278 - BoT-Training - INFO - Epoch 21 Training - Loss: 2.2172, ID_Acc: 75.35%
2026-01-30 12:26:54,942 - BoT-Training - INFO - Epoch 22 Training - Loss: 2.0665, ID_Acc: 80.08%
2026-01-30 12:27:01,069 - BoT-Training - INFO - Epoch 23 Training - Loss: 1.9966, ID_Acc: 81.64%
2026-01-30 12:27:07,104 - BoT-Training - INFO - Epoch 24 Training - Loss: 1.9615, ID_Acc: 83.12%
2026-01-30 12:27:13,557 - BoT-Training - INFO - Epoch 25 Training - Loss: 1.9253, ID_Acc: 83.81%
2026-01-30 12:27:19,626 - BoT-Training - INFO - Epoch 26 Training - Loss: 1.9159, ID_Acc: 84.90%
2026-01-30 12:27:25,863 - BoT-Training - INFO - Epoch 27 Training - Loss: 1.8990, ID_Acc: 84.59%
2026-01-30 12:27:31,779 - BoT-Training - INFO - Epoch 28 Training - Loss: 1.8553, ID_Acc: 84.38%
2026-01-30 12:27:37,675 - BoT-Training - INFO - Epoch 29 Training - Loss: 1.7887, ID_Acc: 87.41%
2026-01-30 12:27:43,755 - BoT-Training - INFO - Epoch 30 Training - Loss: 1.7495, ID_Acc: 87.33%
2026-01-30 12:27:43,756 - BoT-Training - INFO - Evaluating at epoch 30...
2026-01-30 12:28:18,409 - BoT-Training - INFO - Epoch 30 Evaluation - mAP: 0.5262, Rank-1: 0.8081, Rank-5: 0.8951, Rank-10: 0.9350
2026-01-30 12:28:18,981 - BoT-Training - INFO - New best model saved! mAP: 0.5262
2026-01-30 12:28:24,822 - BoT-Training - INFO - Epoch 31 Training - Loss: 1.7479, ID_Acc: 87.76%
2026-01-30 12:28:30,925 - BoT-Training - INFO - Epoch 32 Training - Loss: 1.6219, ID_Acc: 90.58%
2026-01-30 12:28:36,868 - BoT-Training - INFO - Epoch 33 Training - Loss: 1.6732, ID_Acc: 89.58%
2026-01-30 12:28:42,919 - BoT-Training - INFO - Epoch 34 Training - Loss: 1.6517, ID_Acc: 90.15%
2026-01-30 12:28:48,681 - BoT-Training - INFO - Epoch 35 Training - Loss: 1.6669, ID_Acc: 90.02%
2026-01-30 12:28:54,602 - BoT-Training - INFO - Epoch 36 Training - Loss: 1.6287, ID_Acc: 90.84%
2026-01-30 12:29:00,675 - BoT-Training - INFO - Epoch 37 Training - Loss: 1.6327, ID_Acc: 91.49%
2026-01-30 12:29:07,018 - BoT-Training - INFO - Epoch 38 Training - Loss: 1.6166, ID_Acc: 90.67%
2026-01-30 12:29:13,230 - BoT-Training - INFO - Epoch 39 Training - Loss: 1.5424, ID_Acc: 92.80%
2026-01-30 12:29:19,262 - BoT-Training - INFO - Epoch 40 Training - Loss: 1.6038, ID_Acc: 91.71%
2026-01-30 12:29:19,263 - BoT-Training - INFO - Evaluating at epoch 40...
2026-01-30 12:29:53,271 - BoT-Training - INFO - Epoch 40 Evaluation - mAP: 0.5373, Rank-1: 0.8290, Rank-5: 0.9106, Rank-10: 0.9434
2026-01-30 12:29:53,880 - BoT-Training - INFO - New best model saved! mAP: 0.5373
2026-01-30 12:30:00,238 - BoT-Training - INFO - Epoch 41 Training - Loss: 1.5517, ID_Acc: 93.10%
2026-01-30 12:30:06,294 - BoT-Training - INFO - Epoch 42 Training - Loss: 1.5471, ID_Acc: 92.66%
2026-01-30 12:30:12,661 - BoT-Training - INFO - Epoch 43 Training - Loss: 1.5340, ID_Acc: 93.14%
2026-01-30 12:30:18,732 - BoT-Training - INFO - Epoch 44 Training - Loss: 1.5396, ID_Acc: 93.06%
2026-01-30 12:30:24,714 - BoT-Training - INFO - Epoch 45 Training - Loss: 1.4892, ID_Acc: 93.45%
2026-01-30 12:30:30,620 - BoT-Training - INFO - Epoch 46 Training - Loss: 1.5455, ID_Acc: 92.32%
2026-01-30 12:30:36,079 - BoT-Training - INFO - Epoch 47 Training - Loss: 1.4611, ID_Acc: 94.88%
2026-01-30 12:30:42,081 - BoT-Training - INFO - Epoch 48 Training - Loss: 1.4992, ID_Acc: 94.10%
2026-01-30 12:30:48,062 - BoT-Training - INFO - Epoch 49 Training - Loss: 1.4891, ID_Acc: 92.71%
2026-01-30 12:30:54,006 - BoT-Training - INFO - Epoch 50 Training - Loss: 1.4258, ID_Acc: 95.05%
2026-01-30 12:30:54,006 - BoT-Training - INFO - Evaluating at epoch 50...
2026-01-30 12:31:28,284 - BoT-Training - INFO - Epoch 50 Evaluation - mAP: 0.5730, Rank-1: 0.8552, Rank-5: 0.9315, Rank-10: 0.9601
2026-01-30 12:31:28,898 - BoT-Training - INFO - New best model saved! mAP: 0.5730
2026-01-30 12:31:34,912 - BoT-Training - INFO - Epoch 51 Training - Loss: 1.4147, ID_Acc: 95.27%
2026-01-30 12:31:41,013 - BoT-Training - INFO - Epoch 52 Training - Loss: 1.4437, ID_Acc: 94.62%
2026-01-30 12:31:47,090 - BoT-Training - INFO - Epoch 53 Training - Loss: 1.4244, ID_Acc: 94.97%
2026-01-30 12:31:53,156 - BoT-Training - INFO - Epoch 54 Training - Loss: 1.3951, ID_Acc: 95.92%
2026-01-30 12:31:59,310 - BoT-Training - INFO - Epoch 55 Training - Loss: 1.4138, ID_Acc: 95.49%
2026-01-30 12:32:05,608 - BoT-Training - INFO - Epoch 56 Training - Loss: 1.3762, ID_Acc: 95.36%
2026-01-30 12:32:11,707 - BoT-Training - INFO - Epoch 57 Training - Loss: 1.3865, ID_Acc: 95.40%
2026-01-30 12:32:17,677 - BoT-Training - INFO - Epoch 58 Training - Loss: 1.3701, ID_Acc: 96.31%
2026-01-30 12:32:23,205 - BoT-Training - INFO - Epoch 59 Training - Loss: 1.3615, ID_Acc: 96.83%
2026-01-30 12:32:29,220 - BoT-Training - INFO - Epoch 60 Training - Loss: 1.3590, ID_Acc: 96.74%
2026-01-30 12:32:29,221 - BoT-Training - INFO - Evaluating at epoch 60...
2026-01-30 12:33:03,103 - BoT-Training - INFO - Epoch 60 Evaluation - mAP: 0.5857, Rank-1: 0.8433, Rank-5: 0.9297, Rank-10: 0.9648
2026-01-30 12:33:03,719 - BoT-Training - INFO - New best model saved! mAP: 0.5857
2026-01-30 12:33:10,028 - BoT-Training - INFO - Epoch 61 Training - Loss: 1.3392, ID_Acc: 96.61%
2026-01-30 12:33:16,212 - BoT-Training - INFO - Epoch 62 Training - Loss: 1.3596, ID_Acc: 96.22%
2026-01-30 12:33:22,272 - BoT-Training - INFO - Epoch 63 Training - Loss: 1.3287, ID_Acc: 96.70%
2026-01-30 12:33:28,411 - BoT-Training - INFO - Epoch 64 Training - Loss: 1.3392, ID_Acc: 96.53%
2026-01-30 12:33:34,438 - BoT-Training - INFO - Epoch 65 Training - Loss: 1.3139, ID_Acc: 97.18%
2026-01-30 12:33:40,449 - BoT-Training - INFO - Epoch 66 Training - Loss: 1.2949, ID_Acc: 97.48%
2026-01-30 12:33:46,522 - BoT-Training - INFO - Epoch 67 Training - Loss: 1.3116, ID_Acc: 97.22%
2026-01-30 12:33:52,540 - BoT-Training - INFO - Epoch 68 Training - Loss: 1.2977, ID_Acc: 97.70%
2026-01-30 12:33:58,646 - BoT-Training - INFO - Epoch 69 Training - Loss: 1.3021, ID_Acc: 97.35%
2026-01-30 12:34:04,636 - BoT-Training - INFO - Epoch 70 Training - Loss: 1.2904, ID_Acc: 97.22%
2026-01-30 12:34:04,636 - BoT-Training - INFO - Evaluating at epoch 70...
2026-01-30 12:34:43,851 - BoT-Training - INFO - Epoch 70 Evaluation - mAP: 0.6025, Rank-1: 0.8623, Rank-5: 0.9428, Rank-10: 0.9726
2026-01-30 12:34:44,469 - BoT-Training - INFO - New best model saved! mAP: 0.6025
2026-01-30 12:34:50,452 - BoT-Training - INFO - Epoch 71 Training - Loss: 1.2716, ID_Acc: 98.18%
2026-01-30 12:34:56,408 - BoT-Training - INFO - Epoch 72 Training - Loss: 1.2796, ID_Acc: 97.61%
2026-01-30 12:35:02,365 - BoT-Training - INFO - Epoch 73 Training - Loss: 1.2495, ID_Acc: 98.35%
2026-01-30 12:35:08,541 - BoT-Training - INFO - Epoch 74 Training - Loss: 1.2504, ID_Acc: 98.18%
2026-01-30 12:35:14,408 - BoT-Training - INFO - Epoch 75 Training - Loss: 1.2503, ID_Acc: 98.18%
2026-01-30 12:35:20,424 - BoT-Training - INFO - Epoch 76 Training - Loss: 1.2361, ID_Acc: 98.13%
2026-01-30 12:35:26,635 - BoT-Training - INFO - Epoch 77 Training - Loss: 1.2551, ID_Acc: 98.31%
2026-01-30 12:35:32,757 - BoT-Training - INFO - Epoch 78 Training - Loss: 1.2415, ID_Acc: 97.96%
2026-01-30 12:35:38,755 - BoT-Training - INFO - Epoch 79 Training - Loss: 1.2403, ID_Acc: 98.39%
2026-01-30 12:35:44,800 - BoT-Training - INFO - Epoch 80 Training - Loss: 1.2154, ID_Acc: 99.00%
2026-01-30 12:35:44,801 - BoT-Training - INFO - Evaluating at epoch 80...
2026-01-30 12:36:23,764 - BoT-Training - INFO - Epoch 80 Evaluation - mAP: 0.6155, Rank-1: 0.8766, Rank-5: 0.9404, Rank-10: 0.9702
2026-01-30 12:36:24,384 - BoT-Training - INFO - New best model saved! mAP: 0.6155
2026-01-30 12:36:30,998 - BoT-Training - INFO - Epoch 81 Training - Loss: 1.2256, ID_Acc: 98.35%
2026-01-30 12:36:37,173 - BoT-Training - INFO - Epoch 82 Training - Loss: 1.2168, ID_Acc: 98.61%
2026-01-30 12:36:43,372 - BoT-Training - INFO - Epoch 83 Training - Loss: 1.1967, ID_Acc: 99.13%
2026-01-30 12:36:49,419 - BoT-Training - INFO - Epoch 84 Training - Loss: 1.2033, ID_Acc: 98.74%
2026-01-30 12:36:55,525 - BoT-Training - INFO - Epoch 85 Training - Loss: 1.1836, ID_Acc: 98.78%
2026-01-30 12:37:01,498 - BoT-Training - INFO - Epoch 86 Training - Loss: 1.2112, ID_Acc: 98.39%
2026-01-30 12:37:07,637 - BoT-Training - INFO - Epoch 87 Training - Loss: 1.1958, ID_Acc: 98.87%
2026-01-30 12:37:13,583 - BoT-Training - INFO - Epoch 88 Training - Loss: 1.2081, ID_Acc: 98.87%
2026-01-30 12:37:19,697 - BoT-Training - INFO - Epoch 89 Training - Loss: 1.1961, ID_Acc: 98.52%
2026-01-30 12:37:26,046 - BoT-Training - INFO - Epoch 90 Training - Loss: 1.1876, ID_Acc: 98.83%
2026-01-30 12:37:26,046 - BoT-Training - INFO - Evaluating at epoch 90...
2026-01-30 12:38:00,332 - BoT-Training - INFO - Epoch 90 Evaluation - mAP: 0.6315, Rank-1: 0.8832, Rank-5: 0.9487, Rank-10: 0.9744
2026-01-30 12:38:00,873 - BoT-Training - INFO - New best model saved! mAP: 0.6315
2026-01-30 12:38:06,738 - BoT-Training - INFO - Epoch 91 Training - Loss: 1.1646, ID_Acc: 99.18%
2026-01-30 12:38:13,068 - BoT-Training - INFO - Epoch 92 Training - Loss: 1.1805, ID_Acc: 99.39%
2026-01-30 12:38:19,203 - BoT-Training - INFO - Epoch 93 Training - Loss: 1.1741, ID_Acc: 99.13%
2026-01-30 12:38:25,414 - BoT-Training - INFO - Epoch 94 Training - Loss: 1.1789, ID_Acc: 99.22%
2026-01-30 12:38:31,387 - BoT-Training - INFO - Epoch 95 Training - Loss: 1.1537, ID_Acc: 99.31%
2026-01-30 12:38:37,577 - BoT-Training - INFO - Epoch 96 Training - Loss: 1.1586, ID_Acc: 99.31%
2026-01-30 12:38:43,490 - BoT-Training - INFO - Epoch 97 Training - Loss: 1.1694, ID_Acc: 99.22%
2026-01-30 12:38:49,269 - BoT-Training - INFO - Epoch 98 Training - Loss: 1.1550, ID_Acc: 99.22%
2026-01-30 12:38:55,501 - BoT-Training - INFO - Epoch 99 Training - Loss: 1.1627, ID_Acc: 99.31%
2026-01-30 12:39:01,488 - BoT-Training - INFO - Epoch 100 Training - Loss: 1.1699, ID_Acc: 98.91%
2026-01-30 12:39:01,488 - BoT-Training - INFO - Evaluating at epoch 100...
2026-01-30 12:39:35,045 - BoT-Training - INFO - Epoch 100 Evaluation - mAP: 0.6392, Rank-1: 0.8897, Rank-5: 0.9493, Rank-10: 0.9744
2026-01-30 12:39:35,597 - BoT-Training - INFO - New best model saved! mAP: 0.6392
2026-01-30 12:39:41,734 - BoT-Training - INFO - Epoch 101 Training - Loss: 1.1753, ID_Acc: 99.09%
2026-01-30 12:39:47,699 - BoT-Training - INFO - Epoch 102 Training - Loss: 1.1548, ID_Acc: 99.52%
2026-01-30 12:39:53,135 - BoT-Training - INFO - Epoch 103 Training - Loss: 1.1482, ID_Acc: 99.52%
2026-01-30 12:39:59,099 - BoT-Training - INFO - Epoch 104 Training - Loss: 1.1464, ID_Acc: 99.22%
2026-01-30 12:40:04,651 - BoT-Training - INFO - Epoch 105 Training - Loss: 1.1429, ID_Acc: 99.35%
2026-01-30 12:40:10,462 - BoT-Training - INFO - Epoch 106 Training - Loss: 1.1571, ID_Acc: 99.31%
2026-01-30 12:40:16,239 - BoT-Training - INFO - Epoch 107 Training - Loss: 1.1375, ID_Acc: 99.61%
2026-01-30 12:40:22,195 - BoT-Training - INFO - Epoch 108 Training - Loss: 1.1458, ID_Acc: 99.26%
2026-01-30 12:40:28,089 - BoT-Training - INFO - Epoch 109 Training - Loss: 1.1381, ID_Acc: 99.35%
2026-01-30 12:40:33,981 - BoT-Training - INFO - Epoch 110 Training - Loss: 1.1502, ID_Acc: 99.31%
2026-01-30 12:40:33,981 - BoT-Training - INFO - Evaluating at epoch 110...
2026-01-30 12:41:07,751 - BoT-Training - INFO - Epoch 110 Evaluation - mAP: 0.6453, Rank-1: 0.8874, Rank-5: 0.9493, Rank-10: 0.9774
2026-01-30 12:41:08,339 - BoT-Training - INFO - New best model saved! mAP: 0.6453
2026-01-30 12:41:14,171 - BoT-Training - INFO - Epoch 111 Training - Loss: 1.1366, ID_Acc: 99.57%
2026-01-30 12:41:20,108 - BoT-Training - INFO - Epoch 112 Training - Loss: 1.1327, ID_Acc: 99.52%
2026-01-30 12:41:25,967 - BoT-Training - INFO - Epoch 113 Training - Loss: 1.1338, ID_Acc: 99.65%
2026-01-30 12:41:31,975 - BoT-Training - INFO - Epoch 114 Training - Loss: 1.1368, ID_Acc: 99.61%
2026-01-30 12:41:37,998 - BoT-Training - INFO - Epoch 115 Training - Loss: 1.1398, ID_Acc: 99.61%
2026-01-30 12:41:43,379 - BoT-Training - INFO - Epoch 116 Training - Loss: 1.1401, ID_Acc: 99.31%
2026-01-30 12:41:49,187 - BoT-Training - INFO - Epoch 117 Training - Loss: 1.1447, ID_Acc: 99.22%
2026-01-30 12:41:55,072 - BoT-Training - INFO - Epoch 118 Training - Loss: 1.1295, ID_Acc: 99.52%
2026-01-30 12:42:01,034 - BoT-Training - INFO - Epoch 119 Training - Loss: 1.1282, ID_Acc: 99.35%
2026-01-30 12:42:06,896 - BoT-Training - INFO - Epoch 120 Training - Loss: 1.1320, ID_Acc: 99.48%
2026-01-30 12:42:06,896 - BoT-Training - INFO - Evaluating at epoch 120...
2026-01-30 12:42:41,091 - BoT-Training - INFO - Epoch 120 Evaluation - mAP: 0.6450, Rank-1: 0.8892, Rank-5: 0.9517, Rank-10: 0.9762
2026-01-30 12:42:41,390 - BoT-Training - INFO - Training completed! Running final evaluation...
2026-01-30 12:43:16,084 - BoT-Training - INFO - ================================================================================
2026-01-30 12:43:16,084 - BoT-Training - INFO - 🎯 FINAL EVALUATION RESULTS
2026-01-30 12:43:16,084 - BoT-Training - INFO - ================================================================================
2026-01-30 12:43:16,084 - BoT-Training - INFO - 📊 Performance Metrics:
2026-01-30 12:43:16,084 - BoT-Training - INFO -    • mAP (Mean Average Precision): 0.6453
2026-01-30 12:43:16,084 - BoT-Training - INFO -    • CMC Curve Results:
2026-01-30 12:43:16,085 - BoT-Training - INFO -      - Rank-1 : 0.8874 (88.74%)
2026-01-30 12:43:16,085 - BoT-Training - INFO -      - Rank-5 : 0.9493 (94.93%)
2026-01-30 12:43:16,085 - BoT-Training - INFO -      - Rank-10: 0.9774 (97.74%)
2026-01-30 12:43:16,085 - BoT-Training - INFO -    • Best Training mAP: 0.6453
2026-01-30 12:43:16,085 - BoT-Training - INFO - ================================================================================
2026-01-30 12:43:16,085 - BoT-Training - INFO - ✅ Training completed successfully after 120 epochs!
2026-01-30 12:43:16,085 - BoT-Training - INFO - 📁 Results saved in: ./outputs/grid_scale/24x12/776/baseline_run_01
2026-01-30 12:43:16,085 - BoT-Training - INFO - 📝 Log file: ./outputs/grid_scale/24x12/776/baseline_run_01/training.log
2026-01-30 12:43:16,085 - BoT-Training - INFO - 🕐 Session completed: 2026-01-30 12:43:16
2026-01-30 12:43:16,085 - BoT-Training - INFO - ================================================================================
