2026-02-02 19:00:51,690 - BoT-Training - INFO - ================================================================================
2026-02-02 19:00:51,690 - BoT-Training - INFO - 🚀 Starting BoT-Baseline Training Session
2026-02-02 19:00:51,690 - BoT-Training - INFO - ================================================================================
2026-02-02 19:00:51,690 - BoT-Training - INFO - 📋 Training Configuration:
2026-02-02 19:00:51,690 - BoT-Training - INFO -    • Config File: configs/baseline_configs/bot_baseline.yaml
2026-02-02 19:00:51,690 - BoT-Training - INFO -    • Total Epochs: 120
2026-02-02 19:00:51,690 - BoT-Training - INFO -    • Output Directory: ./outputs/grid_scale/32x16/VehicleID/baseline_run_01
2026-02-02 19:00:51,690 - BoT-Training - INFO -    • Log File: ./outputs/grid_scale/32x16/VehicleID/baseline_run_01/training.log
2026-02-02 19:00:51,690 - BoT-Training - INFO -    • Session Time: 2026-02-02 19:00:51
2026-02-02 19:00:51,871 - BoT-Training - INFO - Using device: cuda (CUDA (NVIDIA GeForce RTX 5090))
2026-02-02 19:00:51,871 - BoT-Training - INFO - Device acceleration: CUDA + AMP
2026-02-02 19:00:52,377 - BoT-Training - INFO - Dataset loaded: 12811 identities
2026-02-02 19:00:52,377 - BoT-Training - INFO - Train batches: 800
2026-02-02 19:00:52,377 - BoT-Training - INFO - Query batches: 68
2026-02-02 19:00:52,377 - BoT-Training - INFO - Gallery batches: 13
2026-02-02 19:00:53,229 - BoT-Training - INFO - Starting training...
2026-02-02 19:02:38,356 - BoT-Training - INFO - Epoch 1 Training - Loss: 10.9556, ID_Acc: 0.50%
2026-02-02 19:04:21,411 - BoT-Training - INFO - Epoch 2 Training - Loss: 9.6305, ID_Acc: 3.34%
2026-02-02 19:06:04,259 - BoT-Training - INFO - Epoch 3 Training - Loss: 8.4620, ID_Acc: 4.98%
2026-02-02 19:07:46,182 - BoT-Training - INFO - Epoch 4 Training - Loss: 7.1268, ID_Acc: 11.86%
2026-02-02 19:09:29,714 - BoT-Training - INFO - Epoch 5 Training - Loss: 5.9243, ID_Acc: 22.14%
2026-02-02 19:11:11,500 - BoT-Training - INFO - Epoch 6 Training - Loss: 4.9847, ID_Acc: 32.99%
2026-02-02 19:12:51,738 - BoT-Training - INFO - Epoch 7 Training - Loss: 4.3056, ID_Acc: 42.74%
2026-02-02 19:14:36,123 - BoT-Training - INFO - Epoch 8 Training - Loss: 3.7885, ID_Acc: 51.30%
2026-02-02 19:16:19,490 - BoT-Training - INFO - Epoch 9 Training - Loss: 3.4604, ID_Acc: 57.74%
2026-02-02 19:18:02,689 - BoT-Training - INFO - Epoch 10 Training - Loss: 3.1936, ID_Acc: 63.18%
2026-02-02 19:18:02,689 - BoT-Training - INFO - Evaluating at epoch 10...
2026-02-02 19:18:12,432 - BoT-Training - INFO - Epoch 10 Evaluation - mAP: 0.6566, Rank-1: 0.5987, Rank-5: 0.7075, Rank-10: 0.7628
2026-02-02 19:18:13,048 - BoT-Training - INFO - New best model saved! mAP: 0.6566
2026-02-02 19:19:58,020 - BoT-Training - INFO - Epoch 11 Training - Loss: 3.0443, ID_Acc: 66.56%
2026-02-02 19:21:42,670 - BoT-Training - INFO - Epoch 12 Training - Loss: 2.7779, ID_Acc: 72.50%
2026-02-02 19:23:27,984 - BoT-Training - INFO - Epoch 13 Training - Loss: 2.5625, ID_Acc: 77.59%
2026-02-02 19:25:12,547 - BoT-Training - INFO - Epoch 14 Training - Loss: 2.4232, ID_Acc: 81.06%
2026-02-02 19:26:57,902 - BoT-Training - INFO - Epoch 15 Training - Loss: 2.3141, ID_Acc: 83.62%
2026-02-02 19:28:42,594 - BoT-Training - INFO - Epoch 16 Training - Loss: 2.2545, ID_Acc: 85.10%
2026-02-02 19:30:27,862 - BoT-Training - INFO - Epoch 17 Training - Loss: 2.1905, ID_Acc: 86.76%
2026-02-02 19:32:13,842 - BoT-Training - INFO - Epoch 18 Training - Loss: 2.1317, ID_Acc: 88.17%
2026-02-02 19:33:59,642 - BoT-Training - INFO - Epoch 19 Training - Loss: 2.0970, ID_Acc: 89.28%
2026-02-02 19:35:43,539 - BoT-Training - INFO - Epoch 20 Training - Loss: 2.0758, ID_Acc: 89.81%
2026-02-02 19:35:43,539 - BoT-Training - INFO - Evaluating at epoch 20...
2026-02-02 19:35:52,527 - BoT-Training - INFO - Epoch 20 Evaluation - mAP: 0.6638, Rank-1: 0.6234, Rank-5: 0.6942, Rank-10: 0.7333
2026-02-02 19:35:53,747 - BoT-Training - INFO - New best model saved! mAP: 0.6638
2026-02-02 19:37:38,920 - BoT-Training - INFO - Epoch 21 Training - Loss: 2.0326, ID_Acc: 90.85%
2026-02-02 19:39:22,444 - BoT-Training - INFO - Epoch 22 Training - Loss: 1.9957, ID_Acc: 91.71%
2026-02-02 19:41:06,412 - BoT-Training - INFO - Epoch 23 Training - Loss: 1.9993, ID_Acc: 91.74%
2026-02-02 19:42:51,099 - BoT-Training - INFO - Epoch 24 Training - Loss: 1.9589, ID_Acc: 92.66%
2026-02-02 19:44:34,296 - BoT-Training - INFO - Epoch 25 Training - Loss: 1.9378, ID_Acc: 93.11%
2026-02-02 19:46:17,657 - BoT-Training - INFO - Epoch 26 Training - Loss: 1.9165, ID_Acc: 93.65%
2026-02-02 19:48:02,642 - BoT-Training - INFO - Epoch 27 Training - Loss: 1.9100, ID_Acc: 93.83%
2026-02-02 19:49:47,170 - BoT-Training - INFO - Epoch 28 Training - Loss: 1.8939, ID_Acc: 94.17%
2026-02-02 19:51:30,899 - BoT-Training - INFO - Epoch 29 Training - Loss: 1.8686, ID_Acc: 94.75%
2026-02-02 19:53:14,643 - BoT-Training - INFO - Epoch 30 Training - Loss: 1.8566, ID_Acc: 95.19%
2026-02-02 19:53:14,644 - BoT-Training - INFO - Evaluating at epoch 30...
2026-02-02 19:53:23,628 - BoT-Training - INFO - Epoch 30 Evaluation - mAP: 0.6777, Rank-1: 0.6403, Rank-5: 0.7047, Rank-10: 0.7407
2026-02-02 19:53:24,857 - BoT-Training - INFO - New best model saved! mAP: 0.6777
2026-02-02 19:55:09,428 - BoT-Training - INFO - Epoch 31 Training - Loss: 1.8468, ID_Acc: 95.23%
2026-02-02 19:56:55,134 - BoT-Training - INFO - Epoch 32 Training - Loss: 1.8332, ID_Acc: 95.55%
2026-02-02 19:58:40,516 - BoT-Training - INFO - Epoch 33 Training - Loss: 1.8325, ID_Acc: 95.53%
2026-02-02 20:00:25,300 - BoT-Training - INFO - Epoch 34 Training - Loss: 1.8145, ID_Acc: 95.92%
2026-02-02 20:02:10,424 - BoT-Training - INFO - Epoch 35 Training - Loss: 1.8030, ID_Acc: 96.26%
2026-02-02 20:03:54,008 - BoT-Training - INFO - Epoch 36 Training - Loss: 1.7894, ID_Acc: 96.38%
2026-02-02 20:05:39,013 - BoT-Training - INFO - Epoch 37 Training - Loss: 1.7808, ID_Acc: 96.59%
2026-02-02 20:07:24,125 - BoT-Training - INFO - Epoch 38 Training - Loss: 1.7690, ID_Acc: 96.82%
2026-02-02 20:09:09,651 - BoT-Training - INFO - Epoch 39 Training - Loss: 1.7675, ID_Acc: 96.87%
2026-02-02 20:10:55,864 - BoT-Training - INFO - Epoch 40 Training - Loss: 1.7491, ID_Acc: 97.20%
2026-02-02 20:10:55,864 - BoT-Training - INFO - Evaluating at epoch 40...
2026-02-02 20:11:05,014 - BoT-Training - INFO - Epoch 40 Evaluation - mAP: 0.6866, Rank-1: 0.6513, Rank-5: 0.7117, Rank-10: 0.7537
2026-02-02 20:11:06,304 - BoT-Training - INFO - New best model saved! mAP: 0.6866
2026-02-02 20:12:52,474 - BoT-Training - INFO - Epoch 41 Training - Loss: 1.7382, ID_Acc: 97.37%
2026-02-02 20:14:37,279 - BoT-Training - INFO - Epoch 42 Training - Loss: 1.7292, ID_Acc: 97.61%
2026-02-02 20:16:21,947 - BoT-Training - INFO - Epoch 43 Training - Loss: 1.7278, ID_Acc: 97.41%
2026-02-02 20:18:05,880 - BoT-Training - INFO - Epoch 44 Training - Loss: 1.7106, ID_Acc: 97.71%
2026-02-02 20:19:51,287 - BoT-Training - INFO - Epoch 45 Training - Loss: 1.7050, ID_Acc: 97.87%
2026-02-02 20:21:36,039 - BoT-Training - INFO - Epoch 46 Training - Loss: 1.6914, ID_Acc: 98.10%
2026-02-02 20:23:20,632 - BoT-Training - INFO - Epoch 47 Training - Loss: 1.6828, ID_Acc: 98.16%
2026-02-02 20:25:05,951 - BoT-Training - INFO - Epoch 48 Training - Loss: 1.6801, ID_Acc: 98.24%
2026-02-02 20:26:52,272 - BoT-Training - INFO - Epoch 49 Training - Loss: 1.6689, ID_Acc: 98.37%
2026-02-02 20:28:37,870 - BoT-Training - INFO - Epoch 50 Training - Loss: 1.6606, ID_Acc: 98.42%
2026-02-02 20:28:37,871 - BoT-Training - INFO - Evaluating at epoch 50...
2026-02-02 20:28:46,855 - BoT-Training - INFO - Epoch 50 Evaluation - mAP: 0.6948, Rank-1: 0.6561, Rank-5: 0.7268, Rank-10: 0.7786
2026-02-02 20:28:47,983 - BoT-Training - INFO - New best model saved! mAP: 0.6948
2026-02-02 20:30:33,073 - BoT-Training - INFO - Epoch 51 Training - Loss: 1.6561, ID_Acc: 98.52%
2026-02-02 20:32:19,036 - BoT-Training - INFO - Epoch 52 Training - Loss: 1.6442, ID_Acc: 98.61%
2026-02-02 20:34:04,186 - BoT-Training - INFO - Epoch 53 Training - Loss: 1.6345, ID_Acc: 98.76%
2026-02-02 20:35:49,102 - BoT-Training - INFO - Epoch 54 Training - Loss: 1.6317, ID_Acc: 98.70%
2026-02-02 20:37:34,500 - BoT-Training - INFO - Epoch 55 Training - Loss: 1.6272, ID_Acc: 98.78%
2026-02-02 20:39:19,806 - BoT-Training - INFO - Epoch 56 Training - Loss: 1.6122, ID_Acc: 98.88%
2026-02-02 20:41:04,267 - BoT-Training - INFO - Epoch 57 Training - Loss: 1.6081, ID_Acc: 98.94%
2026-02-02 20:42:48,973 - BoT-Training - INFO - Epoch 58 Training - Loss: 1.5976, ID_Acc: 99.06%
2026-02-02 20:44:31,755 - BoT-Training - INFO - Epoch 59 Training - Loss: 1.5910, ID_Acc: 99.10%
2026-02-02 20:46:17,313 - BoT-Training - INFO - Epoch 60 Training - Loss: 1.5809, ID_Acc: 99.22%
2026-02-02 20:46:17,314 - BoT-Training - INFO - Evaluating at epoch 60...
2026-02-02 20:46:26,152 - BoT-Training - INFO - Epoch 60 Evaluation - mAP: 0.7030, Rank-1: 0.6615, Rank-5: 0.7398, Rank-10: 0.7930
2026-02-02 20:46:27,431 - BoT-Training - INFO - New best model saved! mAP: 0.7030
2026-02-02 20:48:11,167 - BoT-Training - INFO - Epoch 61 Training - Loss: 1.5790, ID_Acc: 99.22%
2026-02-02 20:49:55,491 - BoT-Training - INFO - Epoch 62 Training - Loss: 1.5677, ID_Acc: 99.28%
2026-02-02 20:51:40,454 - BoT-Training - INFO - Epoch 63 Training - Loss: 1.5647, ID_Acc: 99.28%
2026-02-02 20:53:25,140 - BoT-Training - INFO - Epoch 64 Training - Loss: 1.5541, ID_Acc: 99.33%
2026-02-02 20:55:09,660 - BoT-Training - INFO - Epoch 65 Training - Loss: 1.5444, ID_Acc: 99.40%
2026-02-02 20:56:54,742 - BoT-Training - INFO - Epoch 66 Training - Loss: 1.5352, ID_Acc: 99.45%
2026-02-02 20:58:39,355 - BoT-Training - INFO - Epoch 67 Training - Loss: 1.5332, ID_Acc: 99.43%
2026-02-02 21:00:23,747 - BoT-Training - INFO - Epoch 68 Training - Loss: 1.5260, ID_Acc: 99.49%
2026-02-02 21:02:08,039 - BoT-Training - INFO - Epoch 69 Training - Loss: 1.5156, ID_Acc: 99.54%
2026-02-02 21:03:52,188 - BoT-Training - INFO - Epoch 70 Training - Loss: 1.5111, ID_Acc: 99.59%
2026-02-02 21:03:52,189 - BoT-Training - INFO - Evaluating at epoch 70...
2026-02-02 21:04:01,233 - BoT-Training - INFO - Epoch 70 Evaluation - mAP: 0.7073, Rank-1: 0.6619, Rank-5: 0.7507, Rank-10: 0.8148
2026-02-02 21:04:02,456 - BoT-Training - INFO - New best model saved! mAP: 0.7073
2026-02-02 21:05:46,916 - BoT-Training - INFO - Epoch 71 Training - Loss: 1.5050, ID_Acc: 99.61%
2026-02-02 21:07:31,852 - BoT-Training - INFO - Epoch 72 Training - Loss: 1.4956, ID_Acc: 99.64%
2026-02-02 21:09:17,032 - BoT-Training - INFO - Epoch 73 Training - Loss: 1.4899, ID_Acc: 99.69%
2026-02-02 21:11:01,372 - BoT-Training - INFO - Epoch 74 Training - Loss: 1.4849, ID_Acc: 99.65%
2026-02-02 21:12:45,785 - BoT-Training - INFO - Epoch 75 Training - Loss: 1.4777, ID_Acc: 99.67%
2026-02-02 21:14:31,577 - BoT-Training - INFO - Epoch 76 Training - Loss: 1.4709, ID_Acc: 99.68%
2026-02-02 21:16:16,162 - BoT-Training - INFO - Epoch 77 Training - Loss: 1.4632, ID_Acc: 99.74%
2026-02-02 21:17:58,641 - BoT-Training - INFO - Epoch 78 Training - Loss: 1.4586, ID_Acc: 99.70%
2026-02-02 21:19:43,369 - BoT-Training - INFO - Epoch 79 Training - Loss: 1.4516, ID_Acc: 99.76%
2026-02-02 21:21:27,334 - BoT-Training - INFO - Epoch 80 Training - Loss: 1.4459, ID_Acc: 99.75%
2026-02-02 21:21:27,335 - BoT-Training - INFO - Evaluating at epoch 80...
2026-02-02 21:21:36,347 - BoT-Training - INFO - Epoch 80 Evaluation - mAP: 0.7232, Rank-1: 0.6757, Rank-5: 0.7704, Rank-10: 0.8346
2026-02-02 21:21:37,564 - BoT-Training - INFO - New best model saved! mAP: 0.7232
2026-02-02 21:23:22,487 - BoT-Training - INFO - Epoch 81 Training - Loss: 1.4380, ID_Acc: 99.82%
2026-02-02 21:25:05,162 - BoT-Training - INFO - Epoch 82 Training - Loss: 1.4343, ID_Acc: 99.81%
2026-02-02 21:26:49,713 - BoT-Training - INFO - Epoch 83 Training - Loss: 1.4290, ID_Acc: 99.83%
2026-02-02 21:28:34,079 - BoT-Training - INFO - Epoch 84 Training - Loss: 1.4241, ID_Acc: 99.84%
2026-02-02 21:30:19,036 - BoT-Training - INFO - Epoch 85 Training - Loss: 1.4186, ID_Acc: 99.86%
2026-02-02 21:32:03,626 - BoT-Training - INFO - Epoch 86 Training - Loss: 1.4145, ID_Acc: 99.82%
2026-02-02 21:33:47,313 - BoT-Training - INFO - Epoch 87 Training - Loss: 1.4086, ID_Acc: 99.88%
2026-02-02 21:35:31,484 - BoT-Training - INFO - Epoch 88 Training - Loss: 1.4047, ID_Acc: 99.88%
2026-02-02 21:37:16,347 - BoT-Training - INFO - Epoch 89 Training - Loss: 1.4006, ID_Acc: 99.90%
2026-02-02 21:39:00,793 - BoT-Training - INFO - Epoch 90 Training - Loss: 1.3962, ID_Acc: 99.88%
2026-02-02 21:39:00,794 - BoT-Training - INFO - Evaluating at epoch 90...
2026-02-02 21:39:09,845 - BoT-Training - INFO - Epoch 90 Evaluation - mAP: 0.7267, Rank-1: 0.6789, Rank-5: 0.7767, Rank-10: 0.8420
2026-02-02 21:39:11,036 - BoT-Training - INFO - New best model saved! mAP: 0.7267
2026-02-02 21:40:55,732 - BoT-Training - INFO - Epoch 91 Training - Loss: 1.3922, ID_Acc: 99.88%
2026-02-02 21:42:40,297 - BoT-Training - INFO - Epoch 92 Training - Loss: 1.3871, ID_Acc: 99.92%
2026-02-02 21:44:24,289 - BoT-Training - INFO - Epoch 93 Training - Loss: 1.3832, ID_Acc: 99.92%
2026-02-02 21:46:08,356 - BoT-Training - INFO - Epoch 94 Training - Loss: 1.3806, ID_Acc: 99.91%
2026-02-02 21:47:53,330 - BoT-Training - INFO - Epoch 95 Training - Loss: 1.3792, ID_Acc: 99.91%
2026-02-02 21:49:38,172 - BoT-Training - INFO - Epoch 96 Training - Loss: 1.3759, ID_Acc: 99.94%
2026-02-02 21:51:21,536 - BoT-Training - INFO - Epoch 97 Training - Loss: 1.3721, ID_Acc: 99.92%
2026-02-02 21:53:06,484 - BoT-Training - INFO - Epoch 98 Training - Loss: 1.3684, ID_Acc: 99.93%
2026-02-02 21:54:50,968 - BoT-Training - INFO - Epoch 99 Training - Loss: 1.3665, ID_Acc: 99.94%
2026-02-02 21:56:35,896 - BoT-Training - INFO - Epoch 100 Training - Loss: 1.3655, ID_Acc: 99.92%
2026-02-02 21:56:35,897 - BoT-Training - INFO - Evaluating at epoch 100...
2026-02-02 21:56:44,928 - BoT-Training - INFO - Epoch 100 Evaluation - mAP: 0.7323, Rank-1: 0.6803, Rank-5: 0.7853, Rank-10: 0.8585
2026-02-02 21:56:46,051 - BoT-Training - INFO - New best model saved! mAP: 0.7323
2026-02-02 21:58:30,831 - BoT-Training - INFO - Epoch 101 Training - Loss: 1.3632, ID_Acc: 99.93%
2026-02-02 22:00:15,739 - BoT-Training - INFO - Epoch 102 Training - Loss: 1.3595, ID_Acc: 99.96%
2026-02-02 22:01:59,613 - BoT-Training - INFO - Epoch 103 Training - Loss: 1.3589, ID_Acc: 99.96%
2026-02-02 22:03:43,308 - BoT-Training - INFO - Epoch 104 Training - Loss: 1.3576, ID_Acc: 99.96%
2026-02-02 22:05:27,125 - BoT-Training - INFO - Epoch 105 Training - Loss: 1.3554, ID_Acc: 99.96%
2026-02-02 22:07:11,228 - BoT-Training - INFO - Epoch 106 Training - Loss: 1.3547, ID_Acc: 99.95%
2026-02-02 22:08:56,691 - BoT-Training - INFO - Epoch 107 Training - Loss: 1.3526, ID_Acc: 99.97%
2026-02-02 22:10:39,918 - BoT-Training - INFO - Epoch 108 Training - Loss: 1.3522, ID_Acc: 99.95%
2026-02-02 22:12:24,080 - BoT-Training - INFO - Epoch 109 Training - Loss: 1.3502, ID_Acc: 99.94%
2026-02-02 22:14:10,115 - BoT-Training - INFO - Epoch 110 Training - Loss: 1.3487, ID_Acc: 99.96%
2026-02-02 22:14:10,116 - BoT-Training - INFO - Evaluating at epoch 110...
2026-02-02 22:14:19,029 - BoT-Training - INFO - Epoch 110 Evaluation - mAP: 0.7401, Rank-1: 0.6880, Rank-5: 0.7946, Rank-10: 0.8669
2026-02-02 22:14:20,148 - BoT-Training - INFO - New best model saved! mAP: 0.7401
2026-02-02 22:16:03,990 - BoT-Training - INFO - Epoch 111 Training - Loss: 1.3507, ID_Acc: 99.96%
2026-02-02 22:17:48,554 - BoT-Training - INFO - Epoch 112 Training - Loss: 1.3490, ID_Acc: 99.95%
2026-02-02 22:19:32,727 - BoT-Training - INFO - Epoch 113 Training - Loss: 1.3466, ID_Acc: 99.96%
2026-02-02 22:21:17,884 - BoT-Training - INFO - Epoch 114 Training - Loss: 1.3485, ID_Acc: 99.95%
2026-02-02 22:23:03,380 - BoT-Training - INFO - Epoch 115 Training - Loss: 1.3463, ID_Acc: 99.96%
2026-02-02 22:24:48,469 - BoT-Training - INFO - Epoch 116 Training - Loss: 1.3468, ID_Acc: 99.96%
2026-02-02 22:26:32,998 - BoT-Training - INFO - Epoch 117 Training - Loss: 1.3460, ID_Acc: 99.96%
2026-02-02 22:28:17,438 - BoT-Training - INFO - Epoch 118 Training - Loss: 1.3458, ID_Acc: 99.96%
2026-02-02 22:30:01,326 - BoT-Training - INFO - Epoch 119 Training - Loss: 1.3450, ID_Acc: 99.96%
2026-02-02 22:31:46,364 - BoT-Training - INFO - Epoch 120 Training - Loss: 1.3439, ID_Acc: 99.96%
2026-02-02 22:31:46,364 - BoT-Training - INFO - Evaluating at epoch 120...
2026-02-02 22:31:55,232 - BoT-Training - INFO - Epoch 120 Evaluation - mAP: 0.7406, Rank-1: 0.6873, Rank-5: 0.7988, Rank-10: 0.8692
2026-02-02 22:31:56,447 - BoT-Training - INFO - New best model saved! mAP: 0.7406
2026-02-02 22:31:57,062 - BoT-Training - INFO - Training completed! Running final evaluation...
2026-02-02 22:32:06,592 - BoT-Training - INFO - ================================================================================
2026-02-02 22:32:06,592 - BoT-Training - INFO - 🎯 FINAL EVALUATION RESULTS
2026-02-02 22:32:06,592 - BoT-Training - INFO - ================================================================================
2026-02-02 22:32:06,592 - BoT-Training - INFO - 📊 Performance Metrics:
2026-02-02 22:32:06,592 - BoT-Training - INFO -    • mAP (Mean Average Precision): 0.7406
2026-02-02 22:32:06,592 - BoT-Training - INFO -    • CMC Curve Results:
2026-02-02 22:32:06,593 - BoT-Training - INFO -      - Rank-1 : 0.6873 (68.73%)
2026-02-02 22:32:06,593 - BoT-Training - INFO -      - Rank-5 : 0.7988 (79.88%)
2026-02-02 22:32:06,593 - BoT-Training - INFO -      - Rank-10: 0.8692 (86.92%)
2026-02-02 22:32:06,593 - BoT-Training - INFO -    • Best Training mAP: 0.7406
2026-02-02 22:32:06,593 - BoT-Training - INFO - ================================================================================
2026-02-02 22:32:06,593 - BoT-Training - INFO - ✅ Training completed successfully after 120 epochs!
2026-02-02 22:32:06,593 - BoT-Training - INFO - 📁 Results saved in: ./outputs/grid_scale/32x16/VehicleID/baseline_run_01
2026-02-02 22:32:06,593 - BoT-Training - INFO - 📝 Log file: ./outputs/grid_scale/32x16/VehicleID/baseline_run_01/training.log
2026-02-02 22:32:06,593 - BoT-Training - INFO - 🕐 Session completed: 2026-02-02 22:32:06
2026-02-02 22:32:06,593 - BoT-Training - INFO - ================================================================================
