2026-02-01 14:29:21,821 - BoT-Training - INFO - ================================================================================
2026-02-01 14:29:21,821 - BoT-Training - INFO - 🚀 Starting BoT-Baseline Training Session
2026-02-01 14:29:21,821 - BoT-Training - INFO - ================================================================================
2026-02-01 14:29:21,821 - BoT-Training - INFO - 📋 Training Configuration:
2026-02-01 14:29:21,821 - BoT-Training - INFO -    • Config File: configs/baseline_configs/bot_baseline.yaml
2026-02-01 14:29:21,821 - BoT-Training - INFO -    • Total Epochs: 120
2026-02-01 14:29:21,821 - BoT-Training - INFO -    • Output Directory: ./outputs/grid_scale/12x6/VehicleID/baseline_run_01
2026-02-01 14:29:21,821 - BoT-Training - INFO -    • Log File: ./outputs/grid_scale/12x6/VehicleID/baseline_run_01/training.log
2026-02-01 14:29:21,821 - BoT-Training - INFO -    • Session Time: 2026-02-01 14:29:21
2026-02-01 14:29:22,003 - BoT-Training - INFO - Using device: cuda (CUDA (NVIDIA GeForce RTX 5090))
2026-02-01 14:29:22,003 - BoT-Training - INFO - Device acceleration: CUDA + AMP
2026-02-01 14:29:22,529 - BoT-Training - INFO - Dataset loaded: 12811 identities
2026-02-01 14:29:22,529 - BoT-Training - INFO - Train batches: 800
2026-02-01 14:29:22,529 - BoT-Training - INFO - Query batches: 68
2026-02-01 14:29:22,529 - BoT-Training - INFO - Gallery batches: 13
2026-02-01 14:29:23,346 - BoT-Training - INFO - Starting training...
2026-02-01 14:31:01,543 - BoT-Training - INFO - Epoch 1 Training - Loss: 11.0004, ID_Acc: 0.48%
2026-02-01 14:32:39,831 - BoT-Training - INFO - Epoch 2 Training - Loss: 9.6420, ID_Acc: 3.30%
2026-02-01 14:34:21,320 - BoT-Training - INFO - Epoch 3 Training - Loss: 8.4711, ID_Acc: 5.05%
2026-02-01 14:35:55,238 - BoT-Training - INFO - Epoch 4 Training - Loss: 7.1471, ID_Acc: 11.68%
2026-02-01 14:37:34,230 - BoT-Training - INFO - Epoch 5 Training - Loss: 5.9410, ID_Acc: 21.84%
2026-02-01 14:39:13,323 - BoT-Training - INFO - Epoch 6 Training - Loss: 5.0017, ID_Acc: 32.75%
2026-02-01 14:40:55,405 - BoT-Training - INFO - Epoch 7 Training - Loss: 4.3224, ID_Acc: 42.53%
2026-02-01 14:42:35,366 - BoT-Training - INFO - Epoch 8 Training - Loss: 3.8126, ID_Acc: 50.94%
2026-02-01 14:44:13,587 - BoT-Training - INFO - Epoch 9 Training - Loss: 3.4764, ID_Acc: 57.41%
2026-02-01 14:45:52,340 - BoT-Training - INFO - Epoch 10 Training - Loss: 3.2031, ID_Acc: 62.82%
2026-02-01 14:45:52,340 - BoT-Training - INFO - Evaluating at epoch 10...
2026-02-01 14:46:01,802 - BoT-Training - INFO - Epoch 10 Evaluation - mAP: 0.6534, Rank-1: 0.5960, Rank-5: 0.7049, Rank-10: 0.7630
2026-02-01 14:46:02,390 - BoT-Training - INFO - New best model saved! mAP: 0.6534
2026-02-01 14:47:43,535 - BoT-Training - INFO - Epoch 11 Training - Loss: 3.0575, ID_Acc: 66.23%
2026-02-01 14:49:21,659 - BoT-Training - INFO - Epoch 12 Training - Loss: 2.8025, ID_Acc: 71.90%
2026-02-01 14:51:01,343 - BoT-Training - INFO - Epoch 13 Training - Loss: 2.5737, ID_Acc: 77.21%
2026-02-01 14:52:36,802 - BoT-Training - INFO - Epoch 14 Training - Loss: 2.4189, ID_Acc: 81.12%
2026-02-01 14:54:16,529 - BoT-Training - INFO - Epoch 15 Training - Loss: 2.3263, ID_Acc: 83.38%
2026-02-01 14:55:59,143 - BoT-Training - INFO - Epoch 16 Training - Loss: 2.2779, ID_Acc: 84.58%
2026-02-01 14:57:41,083 - BoT-Training - INFO - Epoch 17 Training - Loss: 2.2099, ID_Acc: 86.39%
2026-02-01 14:59:23,372 - BoT-Training - INFO - Epoch 18 Training - Loss: 2.1496, ID_Acc: 87.87%
2026-02-01 15:01:07,115 - BoT-Training - INFO - Epoch 19 Training - Loss: 2.1019, ID_Acc: 89.22%
2026-02-01 15:02:49,952 - BoT-Training - INFO - Epoch 20 Training - Loss: 2.0734, ID_Acc: 89.90%
2026-02-01 15:02:49,952 - BoT-Training - INFO - Evaluating at epoch 20...
2026-02-01 15:02:59,234 - BoT-Training - INFO - Epoch 20 Evaluation - mAP: 0.6655, Rank-1: 0.6257, Rank-5: 0.6977, Rank-10: 0.7323
2026-02-01 15:03:00,441 - BoT-Training - INFO - New best model saved! mAP: 0.6655
2026-02-01 15:04:42,955 - BoT-Training - INFO - Epoch 21 Training - Loss: 2.0379, ID_Acc: 90.71%
2026-02-01 15:06:26,514 - BoT-Training - INFO - Epoch 22 Training - Loss: 2.0157, ID_Acc: 91.29%
2026-02-01 15:08:08,096 - BoT-Training - INFO - Epoch 23 Training - Loss: 2.0003, ID_Acc: 91.54%
2026-02-01 15:09:50,702 - BoT-Training - INFO - Epoch 24 Training - Loss: 1.9739, ID_Acc: 92.34%
2026-02-01 15:11:34,125 - BoT-Training - INFO - Epoch 25 Training - Loss: 1.9446, ID_Acc: 92.99%
2026-02-01 15:13:17,115 - BoT-Training - INFO - Epoch 26 Training - Loss: 1.9286, ID_Acc: 93.43%
2026-02-01 15:15:00,295 - BoT-Training - INFO - Epoch 27 Training - Loss: 1.9152, ID_Acc: 93.79%
2026-02-01 15:16:44,366 - BoT-Training - INFO - Epoch 28 Training - Loss: 1.8961, ID_Acc: 94.32%
2026-02-01 15:18:21,688 - BoT-Training - INFO - Epoch 29 Training - Loss: 1.8790, ID_Acc: 94.59%
2026-02-01 15:19:54,952 - BoT-Training - INFO - Epoch 30 Training - Loss: 1.8582, ID_Acc: 95.11%
2026-02-01 15:19:54,953 - BoT-Training - INFO - Evaluating at epoch 30...
2026-02-01 15:20:04,074 - BoT-Training - INFO - Epoch 30 Evaluation - mAP: 0.6782, Rank-1: 0.6429, Rank-5: 0.7045, Rank-10: 0.7447
2026-02-01 15:20:05,416 - BoT-Training - INFO - New best model saved! mAP: 0.6782
2026-02-01 15:21:36,641 - BoT-Training - INFO - Epoch 31 Training - Loss: 1.8601, ID_Acc: 95.03%
2026-02-01 15:23:14,462 - BoT-Training - INFO - Epoch 32 Training - Loss: 1.8387, ID_Acc: 95.48%
2026-02-01 15:24:50,362 - BoT-Training - INFO - Epoch 33 Training - Loss: 1.8402, ID_Acc: 95.35%
2026-02-01 15:26:21,357 - BoT-Training - INFO - Epoch 34 Training - Loss: 1.8234, ID_Acc: 95.69%
2026-02-01 15:27:54,005 - BoT-Training - INFO - Epoch 35 Training - Loss: 1.8107, ID_Acc: 95.97%
2026-02-01 15:29:30,264 - BoT-Training - INFO - Epoch 36 Training - Loss: 1.7997, ID_Acc: 96.15%
2026-02-01 15:31:09,631 - BoT-Training - INFO - Epoch 37 Training - Loss: 1.7824, ID_Acc: 96.65%
2026-02-01 15:32:45,668 - BoT-Training - INFO - Epoch 38 Training - Loss: 1.7797, ID_Acc: 96.63%
2026-02-01 15:34:22,672 - BoT-Training - INFO - Epoch 39 Training - Loss: 1.7687, ID_Acc: 96.86%
2026-02-01 15:36:01,057 - BoT-Training - INFO - Epoch 40 Training - Loss: 1.7529, ID_Acc: 97.14%
2026-02-01 15:36:01,058 - BoT-Training - INFO - Evaluating at epoch 40...
2026-02-01 15:36:10,198 - BoT-Training - INFO - Epoch 40 Evaluation - mAP: 0.6845, Rank-1: 0.6499, Rank-5: 0.7077, Rank-10: 0.7514
2026-02-01 15:36:11,448 - BoT-Training - INFO - New best model saved! mAP: 0.6845
2026-02-01 15:37:49,980 - BoT-Training - INFO - Epoch 41 Training - Loss: 1.7431, ID_Acc: 97.15%
2026-02-01 15:39:27,653 - BoT-Training - INFO - Epoch 42 Training - Loss: 1.7361, ID_Acc: 97.27%
2026-02-01 15:41:04,833 - BoT-Training - INFO - Epoch 43 Training - Loss: 1.7302, ID_Acc: 97.48%
2026-02-01 15:42:42,900 - BoT-Training - INFO - Epoch 44 Training - Loss: 1.7179, ID_Acc: 97.59%
2026-02-01 15:44:25,688 - BoT-Training - INFO - Epoch 45 Training - Loss: 1.7114, ID_Acc: 97.79%
2026-02-01 15:46:03,860 - BoT-Training - INFO - Epoch 46 Training - Loss: 1.6961, ID_Acc: 97.94%
2026-02-01 15:47:42,762 - BoT-Training - INFO - Epoch 47 Training - Loss: 1.6929, ID_Acc: 97.99%
2026-02-01 15:49:20,986 - BoT-Training - INFO - Epoch 48 Training - Loss: 1.6902, ID_Acc: 97.97%
2026-02-01 15:51:03,489 - BoT-Training - INFO - Epoch 49 Training - Loss: 1.6745, ID_Acc: 98.20%
2026-02-01 15:52:41,638 - BoT-Training - INFO - Epoch 50 Training - Loss: 1.6612, ID_Acc: 98.46%
2026-02-01 15:52:41,639 - BoT-Training - INFO - Evaluating at epoch 50...
2026-02-01 15:52:51,176 - BoT-Training - INFO - Epoch 50 Evaluation - mAP: 0.6884, Rank-1: 0.6489, Rank-5: 0.7198, Rank-10: 0.7656
2026-02-01 15:52:52,600 - BoT-Training - INFO - New best model saved! mAP: 0.6884
2026-02-01 15:54:30,074 - BoT-Training - INFO - Epoch 51 Training - Loss: 1.6598, ID_Acc: 98.38%
2026-02-01 15:56:08,287 - BoT-Training - INFO - Epoch 52 Training - Loss: 1.6520, ID_Acc: 98.44%
2026-02-01 15:57:53,391 - BoT-Training - INFO - Epoch 53 Training - Loss: 1.6385, ID_Acc: 98.64%
2026-02-01 15:59:32,739 - BoT-Training - INFO - Epoch 54 Training - Loss: 1.6269, ID_Acc: 98.75%
2026-02-01 16:01:12,128 - BoT-Training - INFO - Epoch 55 Training - Loss: 1.6307, ID_Acc: 98.71%
2026-02-01 16:02:53,282 - BoT-Training - INFO - Epoch 56 Training - Loss: 1.6212, ID_Acc: 98.85%
2026-02-01 16:04:37,216 - BoT-Training - INFO - Epoch 57 Training - Loss: 1.6122, ID_Acc: 98.88%
2026-02-01 16:06:09,411 - BoT-Training - INFO - Epoch 58 Training - Loss: 1.6019, ID_Acc: 99.04%
2026-02-01 16:07:43,459 - BoT-Training - INFO - Epoch 59 Training - Loss: 1.5969, ID_Acc: 99.05%
2026-02-01 16:09:20,237 - BoT-Training - INFO - Epoch 60 Training - Loss: 1.5871, ID_Acc: 99.09%
2026-02-01 16:09:20,237 - BoT-Training - INFO - Evaluating at epoch 60...
2026-02-01 16:09:29,600 - BoT-Training - INFO - Epoch 60 Evaluation - mAP: 0.7062, Rank-1: 0.6626, Rank-5: 0.7437, Rank-10: 0.8025
2026-02-01 16:09:30,708 - BoT-Training - INFO - New best model saved! mAP: 0.7062
2026-02-01 16:11:12,768 - BoT-Training - INFO - Epoch 61 Training - Loss: 1.5835, ID_Acc: 99.18%
2026-02-01 16:12:46,653 - BoT-Training - INFO - Epoch 62 Training - Loss: 1.5761, ID_Acc: 99.16%
2026-02-01 16:14:19,761 - BoT-Training - INFO - Epoch 63 Training - Loss: 1.5643, ID_Acc: 99.31%
2026-02-01 16:15:51,499 - BoT-Training - INFO - Epoch 64 Training - Loss: 1.5556, ID_Acc: 99.30%
2026-02-01 16:17:32,693 - BoT-Training - INFO - Epoch 65 Training - Loss: 1.5455, ID_Acc: 99.38%
2026-02-01 16:19:04,354 - BoT-Training - INFO - Epoch 66 Training - Loss: 1.5419, ID_Acc: 99.42%
2026-02-01 16:20:36,712 - BoT-Training - INFO - Epoch 67 Training - Loss: 1.5363, ID_Acc: 99.45%
2026-02-01 16:22:07,703 - BoT-Training - INFO - Epoch 68 Training - Loss: 1.5311, ID_Acc: 99.43%
2026-02-01 16:23:48,356 - BoT-Training - INFO - Epoch 69 Training - Loss: 1.5202, ID_Acc: 99.50%
2026-02-01 16:25:21,122 - BoT-Training - INFO - Epoch 70 Training - Loss: 1.5094, ID_Acc: 99.60%
2026-02-01 16:25:21,123 - BoT-Training - INFO - Evaluating at epoch 70...
2026-02-01 16:25:31,010 - BoT-Training - INFO - Epoch 70 Evaluation - mAP: 0.7141, Rank-1: 0.6640, Rank-5: 0.7623, Rank-10: 0.8276
2026-02-01 16:25:31,699 - BoT-Training - INFO - New best model saved! mAP: 0.7141
2026-02-01 16:27:04,404 - BoT-Training - INFO - Epoch 71 Training - Loss: 1.5071, ID_Acc: 99.57%
2026-02-01 16:28:37,019 - BoT-Training - INFO - Epoch 72 Training - Loss: 1.4991, ID_Acc: 99.62%
2026-02-01 16:30:17,384 - BoT-Training - INFO - Epoch 73 Training - Loss: 1.4940, ID_Acc: 99.58%
2026-02-01 16:31:51,443 - BoT-Training - INFO - Epoch 74 Training - Loss: 1.4857, ID_Acc: 99.70%
2026-02-01 16:33:23,541 - BoT-Training - INFO - Epoch 75 Training - Loss: 1.4816, ID_Acc: 99.68%
2026-02-01 16:34:55,123 - BoT-Training - INFO - Epoch 76 Training - Loss: 1.4719, ID_Acc: 99.74%
2026-02-01 16:36:32,235 - BoT-Training - INFO - Epoch 77 Training - Loss: 1.4653, ID_Acc: 99.73%
2026-02-01 16:38:09,145 - BoT-Training - INFO - Epoch 78 Training - Loss: 1.4634, ID_Acc: 99.71%
2026-02-01 16:39:41,629 - BoT-Training - INFO - Epoch 79 Training - Loss: 1.4558, ID_Acc: 99.71%
2026-02-01 16:41:14,535 - BoT-Training - INFO - Epoch 80 Training - Loss: 1.4488, ID_Acc: 99.77%
2026-02-01 16:41:14,535 - BoT-Training - INFO - Evaluating at epoch 80...
2026-02-01 16:41:24,329 - BoT-Training - INFO - Epoch 80 Evaluation - mAP: 0.7214, Rank-1: 0.6726, Rank-5: 0.7700, Rank-10: 0.8325
2026-02-01 16:41:25,622 - BoT-Training - INFO - New best model saved! mAP: 0.7214
2026-02-01 16:43:02,040 - BoT-Training - INFO - Epoch 81 Training - Loss: 1.4426, ID_Acc: 99.81%
2026-02-01 16:44:38,841 - BoT-Training - INFO - Epoch 82 Training - Loss: 1.4397, ID_Acc: 99.79%
2026-02-01 16:46:10,535 - BoT-Training - INFO - Epoch 83 Training - Loss: 1.4339, ID_Acc: 99.77%
2026-02-01 16:47:43,428 - BoT-Training - INFO - Epoch 84 Training - Loss: 1.4259, ID_Acc: 99.84%
2026-02-01 16:49:17,915 - BoT-Training - INFO - Epoch 85 Training - Loss: 1.4244, ID_Acc: 99.81%
2026-02-01 16:50:58,918 - BoT-Training - INFO - Epoch 86 Training - Loss: 1.4175, ID_Acc: 99.82%
2026-02-01 16:52:31,164 - BoT-Training - INFO - Epoch 87 Training - Loss: 1.4107, ID_Acc: 99.85%
2026-02-01 16:54:03,377 - BoT-Training - INFO - Epoch 88 Training - Loss: 1.4094, ID_Acc: 99.85%
2026-02-01 16:55:33,946 - BoT-Training - INFO - Epoch 89 Training - Loss: 1.4031, ID_Acc: 99.88%
2026-02-01 16:57:17,142 - BoT-Training - INFO - Epoch 90 Training - Loss: 1.4001, ID_Acc: 99.88%
2026-02-01 16:57:17,142 - BoT-Training - INFO - Evaluating at epoch 90...
2026-02-01 16:57:26,439 - BoT-Training - INFO - Epoch 90 Evaluation - mAP: 0.7299, Rank-1: 0.6784, Rank-5: 0.7844, Rank-10: 0.8541
2026-02-01 16:57:27,844 - BoT-Training - INFO - New best model saved! mAP: 0.7299
2026-02-01 16:59:01,133 - BoT-Training - INFO - Epoch 91 Training - Loss: 1.3944, ID_Acc: 99.89%
2026-02-01 17:00:32,100 - BoT-Training - INFO - Epoch 92 Training - Loss: 1.3919, ID_Acc: 99.89%
2026-02-01 17:02:03,452 - BoT-Training - INFO - Epoch 93 Training - Loss: 1.3866, ID_Acc: 99.88%
2026-02-01 17:03:44,766 - BoT-Training - INFO - Epoch 94 Training - Loss: 1.3841, ID_Acc: 99.90%
2026-02-01 17:05:18,905 - BoT-Training - INFO - Epoch 95 Training - Loss: 1.3799, ID_Acc: 99.92%
2026-02-01 17:06:49,108 - BoT-Training - INFO - Epoch 96 Training - Loss: 1.3788, ID_Acc: 99.92%
2026-02-01 17:08:17,163 - BoT-Training - INFO - Epoch 97 Training - Loss: 1.3752, ID_Acc: 99.92%
2026-02-01 17:09:54,637 - BoT-Training - INFO - Epoch 98 Training - Loss: 1.3711, ID_Acc: 99.93%
2026-02-01 17:11:28,830 - BoT-Training - INFO - Epoch 99 Training - Loss: 1.3694, ID_Acc: 99.95%
2026-02-01 17:12:48,594 - BoT-Training - INFO - Epoch 100 Training - Loss: 1.3670, ID_Acc: 99.93%
2026-02-01 17:12:48,594 - BoT-Training - INFO - Evaluating at epoch 100...
2026-02-01 17:12:58,021 - BoT-Training - INFO - Epoch 100 Evaluation - mAP: 0.7381, Rank-1: 0.6838, Rank-5: 0.7946, Rank-10: 0.8655
2026-02-01 17:12:59,308 - BoT-Training - INFO - New best model saved! mAP: 0.7381
2026-02-01 17:14:19,118 - BoT-Training - INFO - Epoch 101 Training - Loss: 1.3647, ID_Acc: 99.93%
2026-02-01 17:15:48,238 - BoT-Training - INFO - Epoch 102 Training - Loss: 1.3618, ID_Acc: 99.92%
2026-02-01 17:17:20,276 - BoT-Training - INFO - Epoch 103 Training - Loss: 1.3615, ID_Acc: 99.94%
2026-02-01 17:19:00,238 - BoT-Training - INFO - Epoch 104 Training - Loss: 1.3592, ID_Acc: 99.94%
2026-02-01 17:20:37,022 - BoT-Training - INFO - Epoch 105 Training - Loss: 1.3569, ID_Acc: 99.95%
2026-02-01 17:22:14,683 - BoT-Training - INFO - Epoch 106 Training - Loss: 1.3562, ID_Acc: 99.96%
2026-02-01 17:23:52,050 - BoT-Training - INFO - Epoch 107 Training - Loss: 1.3550, ID_Acc: 99.95%
2026-02-01 17:25:33,432 - BoT-Training - INFO - Epoch 108 Training - Loss: 1.3547, ID_Acc: 99.95%
2026-02-01 17:27:09,713 - BoT-Training - INFO - Epoch 109 Training - Loss: 1.3515, ID_Acc: 99.95%
2026-02-01 17:28:46,758 - BoT-Training - INFO - Epoch 110 Training - Loss: 1.3509, ID_Acc: 99.95%
2026-02-01 17:28:46,759 - BoT-Training - INFO - Evaluating at epoch 110...
2026-02-01 17:28:56,021 - BoT-Training - INFO - Epoch 110 Evaluation - mAP: 0.7408, Rank-1: 0.6833, Rank-5: 0.8048, Rank-10: 0.8752
2026-02-01 17:28:57,538 - BoT-Training - INFO - New best model saved! mAP: 0.7408
2026-02-01 17:30:36,947 - BoT-Training - INFO - Epoch 111 Training - Loss: 1.3535, ID_Acc: 99.94%
2026-02-01 17:32:18,122 - BoT-Training - INFO - Epoch 112 Training - Loss: 1.3508, ID_Acc: 99.95%
2026-02-01 17:33:54,414 - BoT-Training - INFO - Epoch 113 Training - Loss: 1.3472, ID_Acc: 99.95%
2026-02-01 17:35:31,298 - BoT-Training - INFO - Epoch 114 Training - Loss: 1.3511, ID_Acc: 99.92%
2026-02-01 17:37:10,299 - BoT-Training - INFO - Epoch 115 Training - Loss: 1.3480, ID_Acc: 99.96%
2026-02-01 17:38:52,195 - BoT-Training - INFO - Epoch 116 Training - Loss: 1.3492, ID_Acc: 99.96%
2026-02-01 17:40:27,986 - BoT-Training - INFO - Epoch 117 Training - Loss: 1.3475, ID_Acc: 99.96%
2026-02-01 17:42:03,708 - BoT-Training - INFO - Epoch 118 Training - Loss: 1.3483, ID_Acc: 99.95%
2026-02-01 17:43:41,242 - BoT-Training - INFO - Epoch 119 Training - Loss: 1.3466, ID_Acc: 99.96%
2026-02-01 17:45:21,676 - BoT-Training - INFO - Epoch 120 Training - Loss: 1.3462, ID_Acc: 99.96%
2026-02-01 17:45:21,676 - BoT-Training - INFO - Evaluating at epoch 120...
2026-02-01 17:45:30,974 - BoT-Training - INFO - Epoch 120 Evaluation - mAP: 0.7416, Rank-1: 0.6838, Rank-5: 0.8060, Rank-10: 0.8773
2026-02-01 17:45:31,694 - BoT-Training - INFO - New best model saved! mAP: 0.7416
2026-02-01 17:45:32,351 - BoT-Training - INFO - Training completed! Running final evaluation...
2026-02-01 17:45:42,471 - BoT-Training - INFO - ================================================================================
2026-02-01 17:45:42,472 - BoT-Training - INFO - 🎯 FINAL EVALUATION RESULTS
2026-02-01 17:45:42,472 - BoT-Training - INFO - ================================================================================
2026-02-01 17:45:42,472 - BoT-Training - INFO - 📊 Performance Metrics:
2026-02-01 17:45:42,472 - BoT-Training - INFO -    • mAP (Mean Average Precision): 0.7416
2026-02-01 17:45:42,472 - BoT-Training - INFO -    • CMC Curve Results:
2026-02-01 17:45:42,472 - BoT-Training - INFO -      - Rank-1 : 0.6838 (68.38%)
2026-02-01 17:45:42,472 - BoT-Training - INFO -      - Rank-5 : 0.8060 (80.60%)
2026-02-01 17:45:42,472 - BoT-Training - INFO -      - Rank-10: 0.8773 (87.73%)
2026-02-01 17:45:42,472 - BoT-Training - INFO -    • Best Training mAP: 0.7416
2026-02-01 17:45:42,472 - BoT-Training - INFO - ================================================================================
2026-02-01 17:45:42,472 - BoT-Training - INFO - ✅ Training completed successfully after 120 epochs!
2026-02-01 17:45:42,472 - BoT-Training - INFO - 📁 Results saved in: ./outputs/grid_scale/12x6/VehicleID/baseline_run_01
2026-02-01 17:45:42,472 - BoT-Training - INFO - 📝 Log file: ./outputs/grid_scale/12x6/VehicleID/baseline_run_01/training.log
2026-02-01 17:45:42,472 - BoT-Training - INFO - 🕐 Session completed: 2026-02-01 17:45:42
2026-02-01 17:45:42,472 - BoT-Training - INFO - ================================================================================
